 
                                                                                                                                                                                                                                                                
 
 
Fit Statistics

Target=SalePrice Target Label=SalePrice

   Fit
Statistics    Statistics Label                           Train        Validation

 _AIC_        Akaike's Information Criterion           4230.48               .  
 _ASE_        Average Squared Error               214904582.29      296506615.97
 _AVERR_      Average Error Function              214904582.29      296506615.97
 _DFE_        Degrees of Freedom for Error              194.00               .  
 _DFM_        Model Degrees of Freedom                   24.00               .  
 _DFT_        Total Degrees of Freedom                  218.00               .  
 _DIV_        Divisor for ASE                           218.00            145.00
 _ERR_        Error Function                    46849198939.07    42993459316.15
 _FPE_        Final Prediction Error              268076850.07               .  
 _MAX_        Maximum Absolute Error                  74876.44          68183.70
 _MSE_        Mean Square Error                   241490716.18      296506615.97
 _NOBS_       Sum of Frequencies                        218.00            145.00
 _NW_         Number of Estimate Weights                 24.00               .  
 _RASE_       Root Average Sum of Squares             14659.62          17219.37
 _RFPE_       Root Final Prediction Error             16373.05               .  
 _RMSE_       Root Mean Squared Error                 15539.97          17219.37
 _SBC_        Schwarz's Bayesian Criterion             4311.71               .  
 _SSE_        Sum of Squared Errors             46849198939.07    42993459316.15
 _SUMW_       Sum of Case Weights Times Freq            218.00            145.00
 
                                                                                                                                                                                                                                                                
 
 
Assessment Score Rankings

Data Role=TRAIN Target Variable=SalePrice Target Label=SalePrice

           Number of       Mean         Mean
Depth    Observations     Target     Predicted

   5          11         97753.73     94870.94
  10          11         90148.00     87956.18
  15          11         87079.00     85176.37
  20          11         80324.55     82341.80
  25          11         81538.91     80626.11
  30          11         74475.82     79276.28
  35          11         76101.91     78069.18
  40          11         72863.45     77406.19
  45          11         83246.27     76820.85
  50          10         74400.00     76301.18
  55          11         83277.00     75500.20
  60          11         70567.36     74624.10
  65          11         70682.73     73643.63
  70          11         68178.27     72733.79
  75          11         68924.55     71787.95
  80          11         64913.27     70491.84
  85          11         71618.45     69176.22
  90          11         71756.00     67718.87
  95          11         68271.18     64817.15
 100          10         62164.70     58814.60


Data Role=VALIDATE Target Variable=SalePrice Target Label=SalePrice

           Number of       Mean         Mean
Depth    Observations     Target     Predicted

   5           8         93044.75     92103.20
  10           7         69336.00     85882.65
  15           7         72018.71     83176.23
  20           7         75649.29     81872.27
  25           8         83053.75     80476.09
  30           7         60432.57     79650.29
  35           7         76307.14     78183.84
  40           7         76846.57     76631.69
  45           8         67955.13     75631.55
  50           7         86021.14     74862.60
  55           7         77598.00     74295.56
  60           7         70188.29     73828.56
  65           8         73095.63     73312.00
  70           7         60100.29     72857.34
  75           7         62286.86     72019.11
  80           7         70469.29     71201.16
  85           8         69198.25     70078.34
  90           7         67437.14     67498.77
  95           7         71768.43     64944.66
 100           7         66726.57     56994.87
 
                                                                                                                                                                                                                                                                
 
 
Assessment Score Distribution

Data Role=TRAIN Target Variable=SalePrice Target Label=SalePrice

                               Mean         Mean        Number of       Model
  Range for Predicted         Target     Predicted    Observations      Score

117155.950 -  120503.000    120503.00    120503.00          1         118829.48
93726.600 -  97073.650       99756.75     94841.97          4          95400.12
90379.550 -  93726.600       87867.00     90980.04          4          92053.08
87032.500 -  90379.550       91993.92     88254.41         13          88706.02
83685.450 -  87032.500       87079.00     85176.37         11          85358.97
80338.400 -  83685.450       84470.78     81811.88         18          82011.92
76991.350 -  80338.400       73622.79     78370.27         39          78664.87
73644.300 -  76991.350       76613.68     75502.13         47          75317.82
70297.250 -  73644.300       69377.09     72119.64         34          71970.77
66950.200 -  70297.250       70356.16     68757.78         25          68623.72
63603.150 -  66950.200       69611.10     65419.96         10          65276.67
60256.100 -  63603.150       64360.17     61859.12          6          61929.62
56909.050 -  60256.100       60951.50     58154.15          4          58582.57
53562.000 -  56909.050       51687.50     54947.90          2          55235.52


Data Role=VALIDATE Target Variable=SalePrice Target Label=SalePrice

                            Mean         Mean        Number of       Model
 Range for Predicted       Target     Predicted    Observations      Score

95077.587 -  97741.055    82958.50     97040.57          2         96409.32
92414.119 -  95077.587    93317.50     93277.55          2         93745.85
89750.651 -  92414.119    81743.00     89797.91          1         91082.39
87087.183 -  89750.651    97228.25     88375.22          4         88418.92
84423.715 -  87087.183    69439.29     85544.76          7         85755.45
81760.247 -  84423.715    72140.80     82594.70         10         83091.98
79096.779 -  81760.247    72695.47     80269.09         19         80428.51
76433.311 -  79096.779    77868.82     77455.88         11         77765.05
73769.843 -  76433.311    77583.46     74910.10         28         75101.58
71106.375 -  73769.843    64576.45     72663.51         29         72438.11
68442.907 -  71106.375    70731.18     70317.39         11         69774.64
65779.439 -  68442.907    68334.10     67112.04         10         67111.17
63115.971 -  65779.439    74978.00     64756.38          3         64447.71
60452.503 -  63115.971    73442.25     61199.98          4         61784.24
57789.035 -  60452.503    52636.00     58106.76          1         59120.77
55125.567 -  57789.035    53286.00     56650.10          2         56457.30
44471.696 -  47135.164    80273.00     44471.70          1         45803.43
