MPRINT(EM_DIAGRAM):    data _null_;
MPRINT(EM_DIAGRAM):   call symput('NLDATE', strip(put(date(), NLDATE.)));
MPRINT(EM_DIAGRAM):   call symput('NLTIME', strip(put(datetime(), NLTIME.)));
MPRINT(EM_DIAGRAM):   run;
MPRINT(EM_DIAGRAM):   data _null_;
MPRINT(EM_DIAGRAM):   nldate= sasmsg("sashelp.dmine", "log_date_note", 'N', "November 19, 2018" );
MPRINT(EM_DIAGRAM):   nltime= sasmsg("sashelp.dmine", "log_time_note", 'N', "23:46:28" );
MPRINT(EM_DIAGRAM):   put "*------------------------------------------------------------*";
MPRINT(EM_DIAGRAM):   put "* Training Log";
MPRINT(EM_DIAGRAM):   put nldate;
MPRINT(EM_DIAGRAM):   put nltime;
MPRINT(EM_DIAGRAM):   put "*------------------------------------------------------------*";
MPRINT(EM_DIAGRAM):   run;
*------------------------------------------------------------*
* Training Log
Date:                November 19, 2018
Time:                23:46:28
*------------------------------------------------------------*
MPRINT(EM_DIAGRAM):    filename O3UT0J41 "J:\CIS-445-Project-4-master\CIS-445-Project-4-master\Project_4\Workspaces\EMWS1\Reg2\EMTRAIN.out" encoding="UTF-8" NOBOM;
MPRINT(EM_DIAGRAM):   proc printto print=O3UT0J41 new;
MPRINT(EM_DIAGRAM):   run;
MPRINT(EM_DIAGRAM):    filename _LOG "J:\CIS-445-Project-4-master\CIS-445-Project-4-master\Project_4\Workspaces\EMWS1\Reg2\EMLOG.log" encoding="UTF-8" NOBOM;
MPRINT(EM_DIAGRAM):    data _null_;
MPRINT(EM_DIAGRAM):   call symput('NLDATE', strip(put(date(), NLDATE.)));
MPRINT(EM_DIAGRAM):   call symput('NLTIME', strip(put(datetime(), NLTIME.)));
MPRINT(EM_DIAGRAM):   run;
MPRINT(EM_DIAGRAM):   data _null_;
MPRINT(EM_DIAGRAM):   nldate= sasmsg("sashelp.dmine", "log_date_note", 'N', "November 19, 2018" );
MPRINT(EM_DIAGRAM):   nltime= sasmsg("sashelp.dmine", "log_time_note", 'N', "23:46:29" );
MPRINT(EM_DIAGRAM):   file _LOG;
MPRINT(EM_DIAGRAM):   put "*------------------------------------------------------------*";
MPRINT(EM_DIAGRAM):   put "User:                jmmorr01";
MPRINT(EM_DIAGRAM):   put nldate;
MPRINT(EM_DIAGRAM):   put nltime;
MPRINT(EM_DIAGRAM):   put "Site:                70080761";
MPRINT(EM_DIAGRAM):   put "Platform:            X64_8PRO";
MPRINT(EM_DIAGRAM):   put "Maintenance Release: 9.04.01M3P062415";
MPRINT(EM_DIAGRAM):   put "EM Version:          14.1";
MPRINT(EM_DIAGRAM):   put "* ";
MPRINT(EM_DIAGRAM):   run;
MPRINT(EM_DIAGRAM):    filename _LOGIN "J:\CIS-445-Project-4-master\CIS-445-Project-4-master\Project_4\Workspaces\EMWS1\Reg2\EMTRAIN.log" encoding="UTF-8" NOBOM;
MPRINT(EM_COPYFILE):   data _null_;
MPRINT(EM_COPYFILE):   length line $20000;
MPRINT(EM_COPYFILE):   file _LOG MOD lrecl=20000;
MPRINT(EM_COPYFILE):   fid=fopen("_LOGIN",'i',20000,'v');
MPRINT(EM_COPYFILE):   if fid > 0 then do;
MPRINT(EM_COPYFILE):   do while(^fread(fid));
MPRINT(EM_COPYFILE):   rlen = frlen(fid);
MPRINT(EM_COPYFILE):   rc= fget(fid,line,20000);
MPRINT(EM_COPYFILE):   start = length(line)-length(left(line))+1;
MPRINT(EM_COPYFILE):   line=strip(line);
MPRINT(EM_COPYFILE):   put @start line;
MPRINT(EM_COPYFILE):   end;
MPRINT(EM_COPYFILE):   if fid > 0 then rc=fclose(fid);
MPRINT(EM_COPYFILE):   end;
MPRINT(EM_COPYFILE):   run;
MPRINT(EM_DIAGRAM):  ;
MPRINT(EM_DIAGRAM):   filename _LOGIN;
MPRINT(EM_DIAGRAM):    data _null_;
MPRINT(EM_DIAGRAM):   file _LOG mod;
MPRINT(EM_DIAGRAM):   put _page_;
MPRINT(EM_DIAGRAM):   run;
MPRINT(EM_DIAGRAM):   filename _LOGIN "J:\CIS-445-Project-4-master\CIS-445-Project-4-master\Project_4\Workspaces\EMWS1\Reg2\EMSCORE.log" encoding="UTF-8" NOBOM;
MPRINT(EM_DIAGRAM):  ;
MPRINT(EM_DIAGRAM):   data _null_;
MPRINT(EM_DIAGRAM):   file _LOG mod;
MPRINT(EM_DIAGRAM):   put _page_;
MPRINT(EM_DIAGRAM):   run;
MPRINT(EM_DIAGRAM):    filename _LOGIN "J:\CIS-445-Project-4-master\CIS-445-Project-4-master\Project_4\Workspaces\EMWS1\Reg2\EMREPORT.log" encoding="UTF-8" NOBOM;
MPRINT(EM_DIAGRAM):  ;
MPRINT(EM_DIAGRAM):   filename _LOGIN;
MPRINT(EM_DIAGRAM):    filename _LOG;
MPRINT(EM_DIAGRAM):    filename _OUT "J:\CIS-445-Project-4-master\CIS-445-Project-4-master\Project_4\Workspaces\EMWS1\Reg2\EMOUTPUT.out" encoding="UTF-8" NOBOM;
MPRINT(EM_DIAGRAM):    data _null_;
MPRINT(EM_DIAGRAM):   call symput('NLDATE', strip(put(date(), NLDATE.)));
MPRINT(EM_DIAGRAM):   call symput('NLTIME', strip(put(datetime(), NLTIME.)));
MPRINT(EM_DIAGRAM):   run;
MPRINT(EM_DIAGRAM):   data _null_;
MPRINT(EM_DIAGRAM):   nldate= sasmsg("sashelp.dmine", "log_date_note", 'N', "November 19, 2018" );
MPRINT(EM_DIAGRAM):   nltime= sasmsg("sashelp.dmine", "log_time_note", 'N', "23:46:29" );
MPRINT(EM_DIAGRAM):   file _OUT;
MPRINT(EM_DIAGRAM):   put "*------------------------------------------------------------*";
MPRINT(EM_DIAGRAM):   put "User:                jmmorr01";
MPRINT(EM_DIAGRAM):   put nldate;
MPRINT(EM_DIAGRAM):   put nltime;
MPRINT(EM_DIAGRAM):   put "*------------------------------------------------------------*";
MPRINT(EM_DIAGRAM):   put "* Training Output";
MPRINT(EM_DIAGRAM):   put "*------------------------------------------------------------*";
MPRINT(EM_DIAGRAM):   run;
MPRINT(EM_DIAGRAM):    filename _OUTIN "J:\CIS-445-Project-4-master\CIS-445-Project-4-master\Project_4\Workspaces\EMWS1\Reg2\EMTRAIN.out" encoding="UTF-8" NOBOM;
MPRINT(EM_DIAGRAM):   ;
MPRINT(EM_COPYFILE):   data _null_;
MPRINT(EM_COPYFILE):   length line $20000;
MPRINT(EM_COPYFILE):   file _OUT MOD lrecl=20000;
MPRINT(EM_COPYFILE):   fid=fopen("_OUTIN",'i',20000,'v');
MPRINT(EM_COPYFILE):   if fid > 0 then do;
MPRINT(EM_COPYFILE):   do while(^fread(fid));
MPRINT(EM_COPYFILE):   rlen = frlen(fid);
MPRINT(EM_COPYFILE):   rc= fget(fid,line,20000);
MPRINT(EM_COPYFILE):   start = length(line)-length(left(line))+1;
MPRINT(EM_COPYFILE):   line=strip(line);
MPRINT(EM_COPYFILE):   put @start line;
MPRINT(EM_COPYFILE):   end;
MPRINT(EM_COPYFILE):   if fid > 0 then rc=fclose(fid);
MPRINT(EM_COPYFILE):   end;
MPRINT(EM_COPYFILE):   run;
MPRINT(EM_DIAGRAM):  ;
MPRINT(EM_DIAGRAM):   filename _OUTIN;
MPRINT(EM_DIAGRAM):    data _null_;
MPRINT(EM_DIAGRAM):   file _OUT mod;
MPRINT(EM_DIAGRAM):   put _page_;
MPRINT(EM_DIAGRAM):   put // "*------------------------------------------------------------*";
MPRINT(EM_DIAGRAM):   put "* Score Output";
MPRINT(EM_DIAGRAM):   put "*------------------------------------------------------------*";
MPRINT(EM_DIAGRAM):   run;
MPRINT(EM_DIAGRAM):    filename _OUTIN "J:\CIS-445-Project-4-master\CIS-445-Project-4-master\Project_4\Workspaces\EMWS1\Reg2\EMSCORE.out" encoding="UTF-8" NOBOM;
MPRINT(EM_DIAGRAM):  ;
MPRINT(EM_DIAGRAM):   filename _OUTIN;
MPRINT(EM_DIAGRAM):    data _null_;
MPRINT(EM_DIAGRAM):   file _OUT mod;
MPRINT(EM_DIAGRAM):   put _page_;
MPRINT(EM_DIAGRAM):   put // "*------------------------------------------------------------*";
MPRINT(EM_DIAGRAM):   put "* Report Output";
MPRINT(EM_DIAGRAM):   put "*------------------------------------------------------------*";
MPRINT(EM_DIAGRAM):   run;
MPRINT(EM_DIAGRAM):    filename _OUTIN "J:\CIS-445-Project-4-master\CIS-445-Project-4-master\Project_4\Workspaces\EMWS1\Reg2\EMREPORT.out" encoding="UTF-8" NOBOM;
MPRINT(EM_DIAGRAM):  ;
MPRINT(EM_DIAGRAM):   filename _OUTIN;
MPRINT(EM_DIAGRAM):    filename _OUT;
MPRINT(EM_DIAGRAM):    filename _emtool_ 'J:\CIS-445-Project-4-master\CIS-445-Project-4-master\Project_4\Workspaces\EMWS1\Reg2\EMRUNSTATUS.xml' encoding="UTF-8" NOBOM;
34784      proc freq data=EMWS1.Reg2_VariableSet noprint;
MPRINT(EM_DIAGRAM):    proc freq data=EMWS1.Reg2_VariableSet noprint;
34785      table ROLE*LEVEL/out=WORK.Reg2META;
MPRINT(EM_DIAGRAM):   table ROLE*LEVEL/out=WORK.Reg2META;
34786      run;
MPRINT(EM_DIAGRAM):   run;

NOTE: There were 17 observations read from the data set EMWS1.REG2_VARIABLESET.
NOTE: The data set WORK.REG2META has 4 observations and 4 variables.
NOTE: PROCEDURE FREQ used (Total process time):
      real time           0.07 seconds
      cpu time            0.01 seconds
      

34787      proc print data=WORK.Reg2META label noobs;
MPRINT(EM_DIAGRAM):   proc print data=WORK.Reg2META label noobs;
34788      var ROLE LEVEL COUNT;
MPRINT(EM_DIAGRAM):   var ROLE LEVEL COUNT;
34789      label ROLE = "%sysfunc(sasmsg(sashelp.dmine, meta_role_vlabel, NOQUOTE))" LEVEL = "%sysfunc(sasmsg(sashelp.dmine, meta_level_vlabel, NOQUOTE))" COUNT = "%sysfunc(sasmsg(sashelp.dmine, rpt_count_vlabel, NOQUOTE))";
MPRINT(EM_DIAGRAM):   label ROLE = "Role" LEVEL = "Measurement Level" COUNT = "Frequency Count";
34790      title9 ' ';
MPRINT(EM_DIAGRAM):   title9 ' ';
34791      title10 "%sysfunc(sasmsg(sashelp.dmine, rpt_varSummary_title  , NOQUOTE))";
MPRINT(EM_DIAGRAM):   title10 "Variable Summary";
MPRINT(EM_DIAGRAM):   run;
34792      run;

NOTE: There were 4 observations read from the data set WORK.REG2META.
NOTE: The PROCEDURE PRINT printed page 7.
NOTE: PROCEDURE PRINT used (Total process time):
      real time           0.00 seconds
      cpu time            0.00 seconds
      

34793      title10;
MPRINT(EM_DIAGRAM):   title10;
34794      %let EMNORLEN = %DMNORLEN;
MPRINT(EM_DIAGRAM):   
EMWS1.Part_TRAIN EMWS1.Part_TRAIN 
EMWS1.Part_TRAIN EMWS1.Part_TRAIN EMWS1 Part_TRAIN 
EMWS1.Part_TRAIN EMWS1.Part_TRAIN 
EMWS1.Part_TRAIN EMWS1.Part_TRAIN EMWS1 Part_TRAIN 
>>>>>>>>>>>>>> TARGET(   NAME='SalePrice' 
                         ROLE='TARGET' 
                         LEVEL='INTERVAL' 
                         ORDER='' 
                         CREATOR='' 
                         FORMATTYPE='QUANTITY' 
                         FAMILY='' 
                         LOWERLIMIT=. 
                         UPPERLIMIT=. 
                         REPORT='N' 
                         DISTRIBUTION='' 
                         COMMENT='' 
                         PRICE=. 
                         TYPE='N' 
                         LABEL='SalePrice' 
                         FORMAT='BEST.' 
                         INFORMAT='' 
                         INDEX='N' 
                         INDEXTYPE='NONE' 
                         LENGTH=8 
                         USE='Y' 
                      )[21701] 
MPRINT(EM_DIAGRAM):   
MPRINT(HPDM_PERFORMANCE):  ;
PERFORMANCE  DETAILS
MPRINT(EM_DIAGRAM):  ;
MPRINT(EM_DIAGRAM):    *------------------------------------------------------------* ;
MPRINT(EM_DIAGRAM):   * EM: DMDBClass Macro ;
MPRINT(EM_DIAGRAM):   *------------------------------------------------------------* ;
MPRINT(EM_DIAGRAM):   *------------------------------------------------------------* ;
MPRINT(EM_DIAGRAM):   * EM: DMDBVar Macro ;
MPRINT(EM_DIAGRAM):   *------------------------------------------------------------* ;
MPRINT(EM_DIAGRAM):   *------------------------------------------------------------*;
MPRINT(EM_DIAGRAM):   * EM: Create DMDB;
MPRINT(EM_DIAGRAM):   *------------------------------------------------------------*;
MPRINT(EM_DIAGRAM):   proc dmdb batch data=EMWS1.Part_TRAIN dmdbcat=WORK.EM_DMDB maxlevel = 513 ;
MPRINT(EM_DIAGRAM):   var
MPRINT(DMDBVAR):   SalePrice
MPRINT(EM_DIAGRAM):  ;
MPRINT(EM_DIAGRAM):   target SalePrice ;
MPRINT(EM_DIAGRAM):   run;
MPRINT(EM_DIAGRAM):   quit;
MPRINT(EM_DIAGRAM):   *--- end code ---*;
WORK.EM_DMDB WORK.EM_DMDB 
WORK.EM_DMDB WORK.EM_DMDB WORK EM_DMDB 
MPRINT(EM_DIAGRAM):    proc datasets lib=EMWS1 nolist;
MPRINT(EM_DIAGRAM):   modify Reg2_SalePrice_DD(type=PROFIT label= SalePrice);
MPRINT(EM_DIAGRAM):   run;
MPRINT(EM_DIAGRAM):   quit;
MPRINT(EM_DIAGRAM):    *------------------------------------------------------------*;
MPRINT(EM_DIAGRAM):   * Reg2: Determine decision variables for SalePrice;
MPRINT(EM_DIAGRAM):   *------------------------------------------------------------*;
MPRINT(EM_DIAGRAM):   data WORK.Reg2_SCORE;
MPRINT(EM_DIAGRAM):   set EMWS1.Part_TRAIN;
MPRINT(EM_DIAGRAM):   keep SalePrice;
MPRINT(EM_DIAGRAM):   keep 'P_SalePrice'n;
MPRINT(EM_DIAGRAM):   'P_SalePrice'n = 0.5;
MPRINT(EM_DIAGRAM):   if _N_=1 then do;
MPRINT(EM_DIAGRAM):   output;
MPRINT(EM_DIAGRAM):   stop;
MPRINT(EM_DIAGRAM):   end;
MPRINT(EM_DIAGRAM):   run;
MPRINT(EM_DIAGRAM):    data EMWS1.Reg2_SalePrice_DM;
MPRINT(EM_DIAGRAM):   set EMWS1.Reg2_SalePrice_DM;
MPRINT(EM_DIAGRAM):   where _TYPE_ ^in('FREQ', 'BESTPROFIT', 'COMPUTEDPROFIT', 'EXPECTEDPROFIT', 'BESTLOSS', 'COMPUTEDLOSS', 'EXPECTEDLOSS', 'ROI', 'INVESTMENTCOST', 'MODELDECISION');
MPRINT(EM_DIAGRAM):   run;
MPRINT(EM_DIAGRAM):    proc datasets lib=work nolist;
MPRINT(EM_DIAGRAM):   modify SalePrice(type=PROFIT label= SalePrice);
MPRINT(EM_DIAGRAM):   run;
MPRINT(EM_DIAGRAM):   quit;
MPRINT(EM_DIAGRAM):    data EMWS1.Reg2_SalePrice_DM;
MPRINT(EM_DIAGRAM):   set EMWS1.Reg2_SalePrice_DM end=eof;
MPRINT(EM_DIAGRAM):   output;
MPRINT(EM_DIAGRAM):   if eof then do;
MPRINT(EM_DIAGRAM):   end;
MPRINT(EM_DIAGRAM):   run;
"No decisions defined for target "SalePrice"." 
34855      proc print data = EMWS1.Reg2_SalePrice_DM noobs label;
MPRINT(EM_DIAGRAM):    proc print data = EMWS1.Reg2_SalePrice_DM noobs label;
34856      var _type_ variable label;
MPRINT(EM_DIAGRAM):   var _type_ variable label;
34857      where _type_ ^in('MATRIX', 'DECISION', 'TRAINPRIOR', 'DATAPRIOR', 'DECPRIOR');
MPRINT(EM_DIAGRAM):   where _type_ ^in('MATRIX', 'DECISION', 'TRAINPRIOR', 'DATAPRIOR', 'DECPRIOR');
34858      label _TYPE_ = "%sysfunc(sasmsg(sashelp.dmine, rpt_type_vlabel,     NOQUOTE))" VARIABLE = "%sysfunc(sasmsg(sashelp.dmine, rpt_variable_vlabel, NOQUOTE))" LABEL = "%sysfunc(sasmsg(sashelp.dmine, meta_label_vlabel, NOQUOTE))";
MPRINT(EM_DIAGRAM):   label _TYPE_ = "Type" VARIABLE = "Variable" LABEL = "Label";
34859      title9 ' ';
MPRINT(EM_DIAGRAM):   title9 ' ';
34860      title10 "%sysfunc(sasmsg(sashelp.dmine, rpt_predDecVars_title  , NOQUOTE))";
MPRINT(EM_DIAGRAM):   title10 "Predicted and decision variables";
MPRINT(EM_DIAGRAM):   run;
34861      run;

NOTE: There were 3 observations read from the data set EMWS1.REG2_SALEPRICE_DM.
      WHERE _type_ not in ('DATAPRIOR', 'DECISION', 'DECPRIOR', 'MATRIX', 'TRAINPRIOR');
NOTE: The PROCEDURE PRINT printed page 8.
NOTE: PROCEDURE PRINT used (Total process time):
      real time           0.01 seconds
      cpu time            0.01 seconds
      

34862      title10;
MPRINT(EM_DIAGRAM):   title10;
MPRINT(EM_DIAGRAM):    *------------------------------------------------------------*;
MPRINT(EM_DIAGRAM):   * Reg2: Preparing metadata for Training *------------------------------------------------------------*;
MPRINT(EM_DIAGRAM):   data WORK.M2C5YY74;
MPRINT(EM_DIAGRAM):   set WORK.M2C5YY74;
MPRINT(EM_DIAGRAM):   where use = 'Y' or (role = 'INPUT' and use = 'D') ;
MPRINT(EM_DIAGRAM):   if (role = 'REJECTED') then role = 'INPUT';
MPRINT(EM_DIAGRAM):   if use = 'D' then use = 'Y';
MPRINT(EM_DIAGRAM):   run;
NOTE: There were 3 observations read from the data set EMWS1.REG2_SALEPRICE_DD.
NOTE: The data set WORK.SALEPRICE has 3 observations and 1 variables.
NOTE: There were 3 observations read from the data set EMWS1.REG2_SALEPRICE_DD.
NOTE: The data set WORK.SALEPRICE has 3 observations and 1 variables.
34872      *------------------------------------------------------------*;
MPRINT(EM_DIAGRAM):    *------------------------------------------------------------*;
34873      * Reg2: Create decision matrix;
MPRINT(EM_DIAGRAM):   * Reg2: Create decision matrix;
34874      *------------------------------------------------------------*;
MPRINT(EM_DIAGRAM):   *------------------------------------------------------------*;
34875      data WORK.SalePrice(label="SalePrice");
MPRINT(EM_DIAGRAM):   data WORK.SalePrice(label="SalePrice");
34876        length   SalePrice                            8
34877                 ;
MPRINT(EM_DIAGRAM):   length SalePrice 8 ;
34878      
34879        label    SalePrice="SalePrice"
34880                 ;
MPRINT(EM_DIAGRAM):   label SalePrice= "SalePrice" ;
34881       SalePrice=5014;
MPRINT(EM_DIAGRAM):   SalePrice=5014;
34882      output;
MPRINT(EM_DIAGRAM):   output;
34883       SalePrice=135363;
MPRINT(EM_DIAGRAM):   SalePrice=135363;
34884      output;
MPRINT(EM_DIAGRAM):   output;
34885       SalePrice=75984.2752293578;
MPRINT(EM_DIAGRAM):   SalePrice=75984.2752293578;
34886      output;
MPRINT(EM_DIAGRAM):   output;
34887      ;
MPRINT(EM_DIAGRAM):   ;
34888      run;
MPRINT(EM_DIAGRAM):   run;

NOTE: The data set WORK.SALEPRICE has 3 observations and 1 variables.
NOTE: DATA statement used (Total process time):
      real time           0.01 seconds
      cpu time            0.01 seconds
      

34889      proc datasets lib=work nolist;
MPRINT(EM_DIAGRAM):   proc datasets lib=work nolist;
34890      modify SalePrice(type=PROFIT label=SalePrice);
MPRINT(EM_DIAGRAM):   modify SalePrice(type=PROFIT label= SalePrice);
MPRINT(EM_DIAGRAM):   run;
34891      run;

NOTE: MODIFY was successful for WORK.SALEPRICE.DATA.
34892      quit;
MPRINT(EM_DIAGRAM):   quit;

NOTE: PROCEDURE DATASETS used (Total process time):
      real time           0.03 seconds
      cpu time            0.03 seconds
      

34893      data EM_DMREG / view=EM_DMREG;
MPRINT(EM_DIAGRAM):   data EM_DMREG / view=EM_DMREG;
34894      set EMWS1.Part_TRAIN(keep=
34895      Age Basement BasementType Baths CentralAir ConstructionType FirePlace
34896      FirstFloor GarageSize GarageType LotSize Neighborhood SalePrice SecondFloor
34897      TotalArea UpperArea WallType);
MPRINT(EM_DIAGRAM):   set EMWS1.Part_TRAIN(keep= Age Basement BasementType Baths CentralAir ConstructionType FirePlace FirstFloor GarageSize GarageType LotSize Neighborhood SalePrice SecondFloor TotalArea UpperArea WallType);
34898      run;
MPRINT(EM_DIAGRAM):   run;

NOTE: DATA STEP view saved on file WORK.EM_DMREG.
NOTE: A stored DATA STEP view cannot run under a different operating system.
NOTE: DATA statement used (Total process time):
      real time           0.03 seconds
      cpu time            0.00 seconds
      

MPRINT(EM_DIAGRAM):   *------------------------------------------------------------* ;
MPRINT(EM_DIAGRAM):   * Reg2: DMDBClass Macro ;
MPRINT(EM_DIAGRAM):   *------------------------------------------------------------* ;
34899      *------------------------------------------------------------* ;
34900      * Reg2: DMDBClass Macro ;
34901      *------------------------------------------------------------* ;
34902      %macro DMDBClass;
34903          BasementType(ASC) CentralAir(ASC) ConstructionType(ASC) GarageType(ASC)
34904         LotSize(ASC) Neighborhood(ASC) WallType(ASC)
34905      %mend DMDBClass;
34906      *------------------------------------------------------------* ;
MPRINT(EM_DIAGRAM):   *------------------------------------------------------------* ;
34907      * Reg2: DMDBVar Macro ;
MPRINT(EM_DIAGRAM):   * Reg2: DMDBVar Macro ;
34908      *------------------------------------------------------------* ;
MPRINT(EM_DIAGRAM):   *------------------------------------------------------------* ;
34909      %macro DMDBVar;
34910          Age Basement Baths FirePlace FirstFloor GarageSize SalePrice SecondFloor
34911         TotalArea UpperArea
34912      %mend DMDBVar;
34913      *------------------------------------------------------------*;
MPRINT(EM_DIAGRAM):   *------------------------------------------------------------*;
34914      * Reg2: Create DMDB;
MPRINT(EM_DIAGRAM):   * Reg2: Create DMDB;
34915      *------------------------------------------------------------*;
MPRINT(EM_DIAGRAM):   *------------------------------------------------------------*;
34916      proc dmdb batch data=WORK.EM_DMREG
34917      dmdbcat=WORK.Reg2_DMDB
34918      maxlevel = 513
34919      ;
MPRINT(EM_DIAGRAM):   proc dmdb batch data=WORK.EM_DMREG dmdbcat=WORK.Reg2_DMDB maxlevel = 513 ;
MPRINT(EM_DIAGRAM):   class
34920      class %DMDBClass;
MPRINT(DMDBCLASS):   BasementType(ASC) CentralAir(ASC) ConstructionType(ASC) GarageType(ASC) LotSize(ASC) Neighborhood(ASC) WallType(ASC)
MPRINT(EM_DIAGRAM):  ;
MPRINT(EM_DIAGRAM):   var
34921      var %DMDBVar;
MPRINT(DMDBVAR):   Age Basement Baths FirePlace FirstFloor GarageSize SalePrice SecondFloor TotalArea UpperArea
MPRINT(EM_DIAGRAM):  ;
34922      target
34923      SalePrice
34924      ;
MPRINT(EM_DIAGRAM):   target SalePrice ;
34925      run;
MPRINT(EM_DIAGRAM):   run;

NOTE: Records processed = 218   Memory used = 511K.
NOTE: View WORK.EM_DMREG.VIEW used (Total process time):
      real time           0.03 seconds
      cpu time            0.01 seconds
      
NOTE: There were 218 observations read from the data set EMWS1.PART_TRAIN.
NOTE: There were 218 observations read from the data set WORK.EM_DMREG.
NOTE: PROCEDURE DMDB used (Total process time):
      real time           0.05 seconds
      cpu time            0.03 seconds
      

MPRINT(EM_DIAGRAM):   quit;
MPRINT(EM_DIAGRAM):   *--- end code ---*;
34926      quit;
34927      *--- end code ---*;

34928      *------------------------------------------------------------*;
MPRINT(EM_DIAGRAM):    *------------------------------------------------------------*;
34929      * Reg2: Run DMREG procedure;
MPRINT(EM_DIAGRAM):   * Reg2: Run DMREG procedure;
34930      *------------------------------------------------------------*;
MPRINT(EM_DIAGRAM):   *------------------------------------------------------------*;
34931      proc dmreg data=EM_DMREG dmdbcat=WORK.Reg2_DMDB
34932      validata = EMWS1.Part_VALIDATE
34933      outest = EMWS1.Reg2_EMESTIMATE
34934      outterms = EMWS1.Reg2_OUTTERMS
34935      outmap= EMWS1.Reg2_MAPDS namelen=200
34936      ;
MPRINT(EM_DIAGRAM):   proc dmreg data=EM_DMREG dmdbcat=WORK.Reg2_DMDB validata = EMWS1.Part_VALIDATE outest = EMWS1.Reg2_EMESTIMATE outterms = EMWS1.Reg2_OUTTERMS outmap= EMWS1.Reg2_MAPDS namelen=200 ;
34937      class
34938      BasementType
34939      CentralAir
34940      ConstructionType
34941      GarageType
34942      LotSize
34943      Neighborhood
34944      WallType
34945      ;
MPRINT(EM_DIAGRAM):   class BasementType CentralAir ConstructionType GarageType LotSize Neighborhood WallType ;
34946      model SalePrice =
34947      Age
34948      Basement
34949      BasementType
34950      Baths
34951      CentralAir
34952      ConstructionType
34953      FirePlace
34954      FirstFloor
34955      GarageSize
34956      GarageType
34957      LotSize
34958      Neighborhood
34959      SecondFloor
34960      TotalArea
34961      UpperArea
34962      WallType
34963      /error=normal
34964      coding=DEVIATION
34965      nodesignprint
34966      ;
MPRINT(EM_DIAGRAM):   model SalePrice = Age Basement BasementType Baths CentralAir ConstructionType FirePlace FirstFloor GarageSize GarageType LotSize Neighborhood SecondFloor TotalArea UpperArea WallType /error=normal coding=DEVIATION nodesignprint ;
34967      ;
MPRINT(EM_DIAGRAM):   ;
34968      code file="J:\CIS-445-Project-4-master\CIS-445-Project-4-master\Project_4\Workspaces\EMWS1\Reg2\EMPUBLISHSCORE.sas"
34969      group=Reg2
34970      ;
MPRINT(EM_DIAGRAM):   code file="J:\CIS-445-Project-4-master\CIS-445-Project-4-master\Project_4\Workspaces\EMWS1\Reg2\EMPUBLISHSCORE.sas" group=Reg2 ;
34971      code file="J:\CIS-445-Project-4-master\CIS-445-Project-4-master\Project_4\Workspaces\EMWS1\Reg2\EMFLOWSCORE.sas"
34972      group=Reg2
34973      residual
34974      ;
MPRINT(EM_DIAGRAM):   code file="J:\CIS-445-Project-4-master\CIS-445-Project-4-master\Project_4\Workspaces\EMWS1\Reg2\EMFLOWSCORE.sas" group=Reg2 residual ;
34975      run;
MPRINT(EM_DIAGRAM):   run;

NOTE: External file J:\CIS-445-Project-4-master\CIS-445-Project-4-master\Project_4\Workspaces\EMWS1\Reg2\EMPUBLISHSCORE.sas opened.
NOTE: External file J:\CIS-445-Project-4-master\CIS-445-Project-4-master\Project_4\Workspaces\EMWS1\Reg2\EMFLOWSCORE.sas opened.
NOTE: View WORK.EM_DMREG.VIEW used (Total process time):
      real time           0.45 seconds
      cpu time            0.17 seconds
      
NOTE: There were 218 observations read from the data set EMWS1.PART_TRAIN.
NOTE: There were 218 observations read from the data set WORK.EM_DMREG.
NOTE: There were 145 observations read from the data set EMWS1.PART_VALIDATE.
NOTE: The data set EMWS1.REG2_EMESTIMATE has 3 observations and 57 variables.
NOTE: The data set EMWS1.REG2_OUTTERMS has 25 observations and 6 variables.
NOTE: The data set EMWS1.REG2_MAPDS has 2 observations and 26 variables.
NOTE: The PROCEDURE DMREG printed page 9.
NOTE: PROCEDURE DMREG used (Total process time):
      real time           0.65 seconds
      cpu time            0.21 seconds
      

MPRINT(EM_DIAGRAM):   quit;
34976      quit;

34977      proc datasets lib=WORK nolist;
MPRINT(EM_DIAGRAM):    proc datasets lib=WORK nolist;
34978      delete Reg2_DMDB;
MPRINT(EM_DIAGRAM):   delete Reg2_DMDB;
34979      run;
MPRINT(EM_DIAGRAM):   run;

NOTE: The file WORK.REG2_DMDB (memtype=DATA) was not found, but appears on a DELETE statement.
34980      quit;
MPRINT(EM_DIAGRAM):   quit;

NOTE: PROCEDURE DATASETS used (Total process time):
      real time           0.02 seconds
      cpu time            0.01 seconds
      

34981      proc datasets lib=WORK nolist;
MPRINT(EM_DIAGRAM):    proc datasets lib=WORK nolist;
34982      delete Reg2_DMDB / memtype=catalog;
MPRINT(EM_DIAGRAM):   delete Reg2_DMDB / memtype=catalog;
34983      run;
MPRINT(EM_DIAGRAM):   run;

NOTE: Deleting WORK.REG2_DMDB (memtype=CATALOG).
34984      quit;
MPRINT(EM_DIAGRAM):   quit;

NOTE: PROCEDURE DATASETS used (Total process time):
      real time           0.02 seconds
      cpu time            0.01 seconds
      

34985      data WORK.ESTIMATE;
MPRINT(EM_DIAGRAM):    data WORK.ESTIMATE;
34986      length _NAME_ $32;
MPRINT(EM_DIAGRAM):   length _NAME_ $32;
34987      set EMWS1.Reg2_EMESTIMATE;
MPRINT(EM_DIAGRAM):   set EMWS1.Reg2_EMESTIMATE;
34988      drop _AIC_--_VSUMW_
34989      ;
MPRINT(EM_DIAGRAM):   drop _AIC_--_VSUMW_ ;
34990      where _TYPE_ in('PARMS', 'T', 'P');
MPRINT(EM_DIAGRAM):   where _TYPE_ in('PARMS', 'T', 'P');
34991      select(_TYPE_);
MPRINT(EM_DIAGRAM):   select(_TYPE_);
34992      when('PARMS') _NAME_='Coefficient';
MPRINT(EM_DIAGRAM):   when('PARMS') _NAME_='Coefficient';
34993      when('T') _NAME_='tValue';
MPRINT(EM_DIAGRAM):   when('T') _NAME_='tValue';
34994      when('P') _NAME_='PValue';
MPRINT(EM_DIAGRAM):   when('P') _NAME_='PValue';
34995      otherwise;
MPRINT(EM_DIAGRAM):   otherwise;
34996      end;
MPRINT(EM_DIAGRAM):   end;
34997      run;
MPRINT(EM_DIAGRAM):   run;

NOTE: There were 3 observations read from the data set EMWS1.REG2_EMESTIMATE.
      WHERE _TYPE_ in ('P', 'PARMS', 'T');
NOTE: The data set WORK.ESTIMATE has 3 observations and 27 variables.
NOTE: DATA statement used (Total process time):
      real time           0.56 seconds
      cpu time            0.00 seconds
      

34998      proc transpose data=WORK.ESTIMATE out=WORK.ESTIMATE(rename=(_NAME_=Effect));
MPRINT(EM_DIAGRAM):   proc transpose data=WORK.ESTIMATE out=WORK.ESTIMATE(rename=(_NAME_=Effect));
34999      run;
MPRINT(EM_DIAGRAM):   run;

NOTE: There were 3 observations read from the data set WORK.ESTIMATE.
NOTE: The data set WORK.ESTIMATE has 25 observations and 5 variables.
NOTE: PROCEDURE TRANSPOSE used (Total process time):
      real time           0.28 seconds
      cpu time            0.01 seconds
      

35000      proc transpose data=EMWS1.Reg2_MAPDS out=WORK.MAP(rename=(_NAME_=Effect INPUT=Variable
35001      ));
MPRINT(EM_DIAGRAM):   proc transpose data=EMWS1.Reg2_MAPDS out=WORK.MAP(rename=(_NAME_=Effect INPUT=Variable ));
35002      var 'Age'n--'WallType2'n;
MPRINT(EM_DIAGRAM):   var 'Age'n--'WallType2'n;
35003      run;
MPRINT(EM_DIAGRAM):   run;

NOTE: There were 2 observations read from the data set EMWS1.REG2_MAPDS.
NOTE: The data set WORK.MAP has 24 observations and 4 variables.
NOTE: PROCEDURE TRANSPOSE used (Total process time):
      real time           0.07 seconds
      cpu time            0.04 seconds
      

35004      proc sort data=WORK.MAP;
MPRINT(EM_DIAGRAM):   proc sort data=WORK.MAP;
35005      by Effect;
MPRINT(EM_DIAGRAM):   by Effect;
35006      run;
MPRINT(EM_DIAGRAM):   run;

NOTE: There were 24 observations read from the data set WORK.MAP.
NOTE: The data set WORK.MAP has 24 observations and 4 variables.
NOTE: PROCEDURE SORT used (Total process time):
      real time           0.03 seconds
      cpu time            0.00 seconds
      

35007      proc sort data=WORK.ESTIMATE;
MPRINT(EM_DIAGRAM):   proc sort data=WORK.ESTIMATE;
35008      by Effect;
MPRINT(EM_DIAGRAM):   by Effect;
35009      run;
MPRINT(EM_DIAGRAM):   run;

NOTE: There were 25 observations read from the data set WORK.ESTIMATE.
NOTE: The data set WORK.ESTIMATE has 25 observations and 5 variables.
NOTE: PROCEDURE SORT used (Total process time):
      real time           0.04 seconds
      cpu time            0.00 seconds
      

35010      data EMWS1.Reg2_EFFECTS(rename=(_LABEL_=EffectLabel));
MPRINT(EM_DIAGRAM):   data EMWS1.Reg2_EFFECTS(rename=(_LABEL_=EffectLabel));
35011      length Variable ClassLevel $32;
MPRINT(EM_DIAGRAM):   length Variable ClassLevel $32;
35012      merge WORK.ESTIMATE WORK.MAP;
MPRINT(EM_DIAGRAM):   merge WORK.ESTIMATE WORK.MAP;
35013      by Effect;
MPRINT(EM_DIAGRAM):   by Effect;
35014      label Effect = "%sysfunc(sasmsg(sashelp.dmine, rpt_effect_vlabel, NOQUOTE))" Variable = "%sysfunc(sasmsg(sashelp.dmine, rpt_variable_vlabel, NOQUOTE))" Sign = "%sysfunc(sasmsg(sashelp.dmine, rpt_sign_vlabel, NOQUOTE))" ClassLevel =
35015         "%sysfunc(sasmsg(sashelp.dmine, rpt_level_vlabel, NOQUOTE))" Abscoefficient = "%sysfunc(sasmsg(sashelp.dmine, rpt_abscoefficient_vlabel, NOQUOTE))" Coefficient = "%sysfunc(sasmsg(sashelp.dmine, rpt_coefficient_vlabel, NOQUOTE))" _LABEL_ =
35016         "%sysfunc(sasmsg(sashelp.dmine, rpt_effectLabel_vlabel, NOQUOTE))" CODE = "%sysfunc(sasmsg(sashelp.dmine, rpt_scorecodevar_vlabel, NOQUOTE))";
MPRINT(EM_DIAGRAM):   label Effect = "Effect" Variable = "Variable" Sign = "Sign" ClassLevel = "Level" Abscoefficient = "Absolute Coefficient" Coefficient = "Coefficient" _LABEL_ = "Effect Label" CODE = "Score Code Variable";
35017      label tvalue = "%sysfunc(sasmsg(sashelp.dmine, rpt_tvalue_vlabel,         NOQUOTE))" abstvalue = "%sysfunc(sasmsg(sashelp.dmine, rpt_absoluteTvalue_vlabel, NOQUOTE))" PValue = "%sysfunc(sasmsg(sashelp.dmine, rpt_pvalue_vlabel,         NOQUOTE))"
35017    ! ;
MPRINT(EM_DIAGRAM):   label tvalue = "T-value" abstvalue = "Absolute T-value" PValue = "P Value";
35018      abstvalue = abs(tValue);
MPRINT(EM_DIAGRAM):   abstvalue = abs(tValue);
35019      if index(Effect, 'Intercept') then do;
MPRINT(EM_DIAGRAM):   if index(Effect, 'Intercept') then do;
35020      variable = 'Intercept';
MPRINT(EM_DIAGRAM):   variable = 'Intercept';
35021      classLevel = scan(_LABEL_, 2, '=');
MPRINT(EM_DIAGRAM):   classLevel = scan(_LABEL_, 2, '=');
35022      end;
MPRINT(EM_DIAGRAM):   end;
35023      if ^indexc(variable, '*') then do;
MPRINT(EM_DIAGRAM):   if ^indexc(variable, '*') then do;
35024      if length(effect)>length(variable) then classlevel = substr(Effect, length(variable)+1);
MPRINT(EM_DIAGRAM):   if length(effect)>length(variable) then classlevel = substr(Effect, length(variable)+1);
35025      end;
MPRINT(EM_DIAGRAM):   end;
35026      if Effect eq '' then Effect = Variable;
MPRINT(EM_DIAGRAM):   if Effect eq '' then Effect = Variable;
35027      if coefficient < 0 then sign = '-';
MPRINT(EM_DIAGRAM):   if coefficient < 0 then sign = '-';
35028      else sign = '+';
MPRINT(EM_DIAGRAM):   else sign = '+';
35029      abscoefficient = abs(coefficient);
MPRINT(EM_DIAGRAM):   abscoefficient = abs(coefficient);
35030      if _LABEL_ = '' then _LABEL_ = Effect;
MPRINT(EM_DIAGRAM):   if _LABEL_ = '' then _LABEL_ = Effect;
35031      if coefficient ne . then output;
MPRINT(EM_DIAGRAM):   if coefficient ne . then output;
35032      run;
MPRINT(EM_DIAGRAM):   run;

NOTE: Missing values were generated as a result of performing an operation on missing values.
      Each place is given by: (Number of times) at (Line):(Column).
      1 at 35018:13   1 at 35029:18   
NOTE: There were 25 observations read from the data set WORK.ESTIMATE.
NOTE: There were 24 observations read from the data set WORK.MAP.
NOTE: The data set EMWS1.REG2_EFFECTS has 24 observations and 11 variables.
NOTE: DATA statement used (Total process time):
      real time           0.12 seconds
      cpu time            0.03 seconds
      

35033      proc sort data =EMWS1.Reg2_EFFECTS;
MPRINT(EM_DIAGRAM):    proc sort data =EMWS1.Reg2_EFFECTS;
35034      by
35035      descending abstvalue;
MPRINT(EM_DIAGRAM):   by descending abstvalue;
35036      run;
MPRINT(EM_DIAGRAM):   run;

NOTE: There were 24 observations read from the data set EMWS1.REG2_EFFECTS.
NOTE: The data set EMWS1.REG2_EFFECTS has 24 observations and 11 variables.
NOTE: PROCEDURE SORT used (Total process time):
      real time           0.11 seconds
      cpu time            0.01 seconds
      

35037      data EMWS1.Reg2_EFFECTS;
MPRINT(EM_DIAGRAM):   data EMWS1.Reg2_EFFECTS;
35038      set EMWS1.Reg2_EFFECTS;
MPRINT(EM_DIAGRAM):   set EMWS1.Reg2_EFFECTS;
35039      format TEffectNum 3.;
MPRINT(EM_DIAGRAM):   format TEffectNum 3.;
35040      label TEffectNum = "%sysfunc(sasmsg(sashelp.dmine, rpt_teffectnum_vlabel, NOQUOTE))";
MPRINT(EM_DIAGRAM):   label TEffectNum = "TScore Number";
35041      retain TEffectNum;
MPRINT(EM_DIAGRAM):   retain TEffectNum;
35042      TEffectNum = _N_;
MPRINT(EM_DIAGRAM):   TEffectNum = _N_;
35043      run;
MPRINT(EM_DIAGRAM):   run;

NOTE: There were 24 observations read from the data set EMWS1.REG2_EFFECTS.
NOTE: The data set EMWS1.REG2_EFFECTS has 24 observations and 12 variables.
NOTE: DATA statement used (Total process time):
      real time           0.12 seconds
      cpu time            0.04 seconds
      

35044      proc sort data =EMWS1.Reg2_EFFECTS;
MPRINT(EM_DIAGRAM):    proc sort data =EMWS1.Reg2_EFFECTS;
35045      by
35046      descending absCoefficient;
MPRINT(EM_DIAGRAM):   by descending absCoefficient;
35047      run;
MPRINT(EM_DIAGRAM):   run;

NOTE: There were 24 observations read from the data set EMWS1.REG2_EFFECTS.
NOTE: The data set EMWS1.REG2_EFFECTS has 24 observations and 12 variables.
NOTE: PROCEDURE SORT used (Total process time):
      real time           0.12 seconds
      cpu time            0.04 seconds
      

35048      data EMWS1.Reg2_EFFECTS;
MPRINT(EM_DIAGRAM):   data EMWS1.Reg2_EFFECTS;
35049      set EMWS1.Reg2_EFFECTS;
MPRINT(EM_DIAGRAM):   set EMWS1.Reg2_EFFECTS;
35050      format EffectNum 3.;
MPRINT(EM_DIAGRAM):   format EffectNum 3.;
35051      label EffectNum = "%sysfunc(sasmsg(sashelp.dmine, rpt_effectnum_vlabel, NOQUOTE))";
MPRINT(EM_DIAGRAM):   label EffectNum = "Effect Number";
35052      retain EffectNum;
MPRINT(EM_DIAGRAM):   retain EffectNum;
35053      EffectNum = _N_;
MPRINT(EM_DIAGRAM):   EffectNum = _N_;
35054      run;
MPRINT(EM_DIAGRAM):   run;

NOTE: There were 24 observations read from the data set EMWS1.REG2_EFFECTS.
NOTE: The data set EMWS1.REG2_EFFECTS has 24 observations and 13 variables.
NOTE: DATA statement used (Total process time):
      real time           0.10 seconds
      cpu time            0.00 seconds
      

MPRINT(EM_DIAGRAM):    proc printto;
MPRINT(EM_DIAGRAM):   run;
