 
                                                                                                                                                                                                                                                                
 
 
Variable Summary

          Measurement    Frequency
 Role        Level         Count

INPUT      BINARY            1    
INPUT      INTERVAL          9    
INPUT      NOMINAL           6    
TARGET     INTERVAL          1    
 
                                                                                                                                                                                                                                                                
 
 

The DMINE Procedure

                 R-Squares for Target Variable: SalePrice
 
Effect                                   DF        R-Square

AOV16: TotalArea                         15        0.173057                
AOV16: UpperArea                         14        0.155101                
Class: ConstructionType*GarageType       10        0.115472                
Group: ConstructionType*GarageType        5        0.114074                
AOV16: FirstFloor                        14        0.113818                
Class: BasementType*ConstructionType      6        0.110447                
Group: BasementType*ConstructionType      4        0.109463                
Class: BasementType*GarageType           10        0.106131                
Group: BasementType*GarageType            6        0.105788                
Var:   TotalArea                          1        0.104729                
AOV16: Age                               14        0.096452                
Class: BasementType*WallType              7        0.089160                
Group: BasementType*WallType              5        0.087963                
AOV16: FirePlace                          2        0.087490                
Class: CentralAir*ConstructionType        5        0.084969                
Group: CentralAir*ConstructionType        4        0.084715                
Class: BasementType*CentralAir            5        0.082971                
AOV16: Basement                          11        0.082497                
Group: BasementType*CentralAir            3        0.082424                
AOV16: GarageSize                         2        0.080014                
Var:   GarageSize                         1        0.079297                
Var:   UpperArea                          1        0.073415                
Class: CentralAir*GarageType              6        0.072455                
Group: CentralAir*GarageType              3        0.071261                
Class: ConstructionType*WallType          7        0.069047                
Group: ConstructionType*WallType          4        0.068032                
Class: GarageType*Neighborhood            7        0.062177                
Group: GarageType*Neighborhood            4        0.062073                
Class: GarageType*WallType                9        0.059768                
Group: GarageType*WallType                5        0.059249                
Class: CentralAir*WallType                5        0.055696                
Group: CentralAir*WallType                4        0.055681                
Class: ConstructionType*Neighborhood      5        0.054124                
Group: ConstructionType*Neighborhood      4        0.054118                
Class: BasementType*Neighborhood          5        0.050952                
Group: BasementType*Neighborhood          3        0.050667                
Class: ConstructionType*LotSize           2        0.049142                
Class: ConstructionType                   2        0.049142                
Group: ConstructionType                   1        0.049117                
Group: ConstructionType*LotSize           1        0.049117                
Class: BasementType                       2        0.037935                
Class: BasementType*LotSize               2        0.037935                
Class: GarageType*LotSize                 3        0.037323                
Class: GarageType                         3        0.037323                
Group: GarageType*LotSize                 2        0.037234                
Group: GarageType                         2        0.037234                
Class: CentralAir*Neighborhood            3        0.036094                
AOV16: SecondFloor                        4        0.034261                
Var:   FirePlace                          1        0.033060                
Class: Neighborhood*WallType              4        0.032072                
Group: Neighborhood*WallType              2        0.031561                
Class: CentralAir                         1        0.030063                
Class: CentralAir*LotSize                 1        0.030063                
AOV16: Baths                              2        0.020597                
Var:   FirstFloor                         1        0.019185                
Var:   Age                                1        0.017675                
Var:   Basement                           1        0.010900                
Var:   Baths                              1        0.010451                
Class: WallType                           2        0.009184                
Class: LotSize*WallType                   2        0.009184                
Group: WallType                           1        0.009184                
Group: LotSize*WallType                   1        0.009184                
Var:   SecondFloor                        1        0.008062                
Class: LotSize*Neighborhood               1        0.002014    R2 < MINR2  
Class: Neighborhood                       1        0.002014    R2 < MINR2  
Class: LotSize                            0               0    R2 < MINR2  
 
                                                                                                                                                                                                                                                                
 
 

The DMINE Procedure

                                         Effects Chosen for Target: SalePrice
 
                                                                                                Sum of      Error Mean
Effect                                   DF        R-Square         F Value    p-Value         Squares          Square

Var:   TotalArea                          1        0.104729       22.343321     <.0001      4038531226       180748923
Var:   GarageSize                         1        0.047469       10.638233     0.0013      1830479624       172066130
Var:   Age                                1        0.039296        9.186014     0.0028      1515315609       164958990
Class: BasementType                       2        0.016498        1.947683     0.1455       636195742       163321141
Group: ConstructionType                   1        0.009644        2.292700     0.1317       371875631       162199881
Class: CentralAir                         1        0.008090        1.933045     0.1661       311974766       161390287
Var:   FirePlace                          1        0.004813        1.150983     0.2847       185606037       161258679
Var:   SecondFloor                        1        0.004043        0.966507     0.3269       155886004       161288038
Var:   Baths                              1        0.001074        0.255799     0.6136        41425849       161946622
Var:   Basement                           1        0.000954        0.226235     0.6349        36794482       162638070
 
                                                                                                                                                                                                                                                                
 
 

The DMINE Procedure

    The Final ANOVA Table for Target: SalePrice
 
                                              Sum of
Effect            DF        R-Square         Squares

Model             11        0.236611      9124084969
Error            181               .     29437490640
Total            192               .     38561575609
 
                                                                                                                                                                                                                                                                
 
 

The DMINE Procedure

                               Effects Not Chosen for Target: SalePrice
 
                                                                                                Sum of
Effect                                   DF        R-Square         F Value    p-Value         Squares

Var:   UpperArea                          1     0.000000121     0.000028579     0.9957     4673.860651
Group: GarageType                         2        0.000281        0.032931     0.9676        10827458
Var:   FirstFloor                         1     0.000000121     0.000028579     0.9957     4673.860651
Group: WallType                           1     0.000073589        0.017353     0.8953         2837709













-------------------------------------------------------------------
Summary of Variable Selection from Training
-------------------------------------------------------------------


Target Name : SalePrice
Target Level : INTERVAL
Variable Selection Model : R-Square

Total number of inputs : 16
Total number of used inputs : 16
Total number of unused inputs : 0
Total number of rejected inputs : 7

Maximum missing percentage : 50
NOTE: There is no rejected variable by maximum missing percentage

Maximum class level : 100
NOTE:There is no rejected variable by maximum class level

NOTE: 1 group variable has been created
