 
                                                                                                                                                                                                                                                                
 
 
Fit Statistics

Target=SalePrice Target Label=SalePrice

   Fit
Statistics    Statistics Label                           Train        Validation

 _AIC_        Akaike's Information Criterion           3657.14               .  
 _ASE_        Average Squared Error               146686844.48      289953541.39
 _AVERR_      Average Error Function              146686844.48      289953541.39
 _DFE_        Degrees of Freedom for Error              179.00               .  
 _DFM_        Model Degrees of Freedom                   14.00               .  
 _DFT_        Total Degrees of Freedom                  193.00               .  
 _DIV_        Divisor for ASE                           193.00            145.00
 _ERR_        Error Function                    28310560984.87    42043263500.83
 _FPE_        Final Prediction Error              169632272.67               .  
 _MAX_        Maximum Absolute Error                  35187.36          65251.65
 _MSE_        Mean Square Error                   158159558.57      289953541.39
 _NOBS_       Sum of Frequencies                        193.00            145.00
 _NW_         Number of Estimate Weights                 14.00               .  
 _RASE_       Root Average Sum of Squares             12111.43          17028.02
 _RFPE_       Root Final Prediction Error             13024.30               .  
 _RMSE_       Root Mean Squared Error                 12576.15          17028.02
 _SBC_        Schwarz's Bayesian Criterion             3702.81               .  
 _SSE_        Sum of Squared Errors             28310560984.87    42043263500.83
 _SUMW_       Sum of Case Weights Times Freq            193.00            145.00
 
                                                                                                                                                                                                                                                                
 
 
Assessment Score Rankings

Data Role=TRAIN Target Variable=SalePrice Target Label=SalePrice

           Number of       Mean         Mean
Depth    Observations     Target     Predicted

   5          10         89195.80     90051.86
  10          10         82002.40     87249.64
  15           9         87602.33     83894.32
  20          11         83408.91     81992.96
  25          10         82434.60     80684.11
  30           9         82323.22     78848.42
  35          11         75563.36     77098.66
  40          11         79949.18     75112.65
  45           6         59941.67     74684.17
  50          12         76609.67     74277.28
  55           9         71832.33     73585.87
  60           8         70547.75     72786.79
  65          14         74707.29     72368.10
  70           6         72947.00     72152.78
  75          11         70422.82     71599.79
  80           8         72945.38     70331.95
  85          10         67650.00     69333.73
  90          10         65554.40     66886.21
  95           9         63462.56     63368.69
 100           9         61083.56     60529.08


Data Role=VALIDATE Target Variable=SalePrice Target Label=SalePrice

           Number of       Mean         Mean
Depth    Observations     Target     Predicted

   5           8         89757.25     91239.33
  10           9         76667.22     86422.72
  15           5         63480.80     85219.66
  20           8         68816.25     82425.06
  25           8         69448.50     80790.49
  30           6         79280.83     79042.27
  35           7         79802.86     77953.04
  40           7         71691.29     75621.46
  45          16         72464.50     74358.70
  55           6         72149.50     73252.20
  60           8         74948.75     72694.28
  65           8         77678.38     72343.29
  70           6         80767.33     72146.52
  75           8         64156.13     71374.16
  80           8         68557.50     70390.30
  85           6         65650.83     70033.96
  90           7         71799.86     68378.60
  95           7         69150.14     64658.48
 100           7         60734.43     58325.92
 
                                                                                                                                                                                                                                                                
 
 
Assessment Score Distribution

Data Role=TRAIN Target Variable=SalePrice Target Label=SalePrice

                             Mean         Mean        Number of       Model
 Range for Predicted        Target     Predicted    Observations      Score

92223.718 -  94099.105     96504.33     93731.30          3         93161.41
88472.942 -  90348.330    102301.67     89229.34          3         89410.64
86597.555 -  88472.942     79552.00     87669.47         12         87535.25
84722.167 -  86597.555     86978.00     85724.61          4         85659.86
82846.780 -  84722.167     86145.00     83331.46         10         83784.47
80971.392 -  82846.780     80041.20     81516.33         10         81909.09
79096.004 -  80971.392     85417.89     80426.95          9         80033.70
77220.617 -  79096.004     77711.42     78466.68         12         78158.31
75345.229 -  77220.617     79487.44     76518.21          9         76282.92
73469.841 -  75345.229     73588.76     74460.73         33         74407.54
71594.454 -  73469.841     73051.41     72366.57         39         72532.15
69719.066 -  71594.454     67772.86     70363.07         14         70656.76
67843.679 -  69719.066     69220.67     68905.63          9         68781.37
65968.291 -  67843.679     66988.00     66724.54          6         66905.98
64092.903 -  65968.291     71237.00     65347.01          4         65030.60
62217.516 -  64092.903     61380.00     63293.69          5         63155.21
60342.128 -  62217.516     57523.00     61920.83          7         61279.82
58466.740 -  60342.128     66395.67     59672.08          3         59404.43
56591.353 -  58466.740     56025.00     56591.35          1         57529.05


Data Role=VALIDATE Target Variable=SalePrice Target Label=SalePrice

                            Mean         Mean        Number of       Model
 Range for Predicted       Target     Predicted    Observations      Score

92131.636 -  94099.105    98029.25     94099.11          4         93115.37
88196.697 -  90164.166    95954.50     88867.79          2         89180.43
86229.227 -  88196.697    75507.80     87457.78          5         87212.96
84261.758 -  86229.227    69445.64     85672.41         11         85245.49
82294.288 -  84261.758    74362.25     83323.97          4         83278.02
80326.819 -  82294.288    67389.08     81035.71         12         81310.55
78359.349 -  80326.819    79280.83     79042.27          6         79343.08
76391.880 -  78359.349    79802.86     77953.04          7         77375.61
74424.410 -  76391.880    69890.91     75304.82         11         75408.15
72456.941 -  74424.410    74036.85     73530.92         26         73440.68
70489.471 -  72456.941    73454.22     71888.71         23         71473.21
68522.002 -  70489.471    68640.75     70018.90         16         69505.74
66554.532 -  68522.002    69136.25     67713.09          4         67538.27
64587.063 -  66554.532    69860.00     65584.57          5         65570.80
60652.124 -  62619.593    67375.50     62343.26          2         61635.86
58684.654 -  60652.124    69047.67     60002.59          3         59668.39
56717.185 -  58684.654    60168.00     57841.31          3         57700.92
54749.715 -  56717.185    37494.00     54749.72          1         55733.45
