MPRINT(EM_DIAGRAM):    data _null_;
MPRINT(EM_DIAGRAM):   call symput('NLDATE', strip(put(date(), NLDATE.)));
MPRINT(EM_DIAGRAM):   call symput('NLTIME', strip(put(datetime(), NLTIME.)));
MPRINT(EM_DIAGRAM):   run;
MPRINT(EM_DIAGRAM):   data _null_;
MPRINT(EM_DIAGRAM):   nldate= sasmsg("sashelp.dmine", "log_date_note", 'N', "November 19, 2018" );
MPRINT(EM_DIAGRAM):   nltime= sasmsg("sashelp.dmine", "log_time_note", 'N', "23:48:59" );
MPRINT(EM_DIAGRAM):   put "*------------------------------------------------------------*";
MPRINT(EM_DIAGRAM):   put "* Training Log";
MPRINT(EM_DIAGRAM):   put nldate;
MPRINT(EM_DIAGRAM):   put nltime;
MPRINT(EM_DIAGRAM):   put "*------------------------------------------------------------*";
MPRINT(EM_DIAGRAM):   run;
*------------------------------------------------------------*
* Training Log
Date:                November 19, 2018
Time:                23:48:59
*------------------------------------------------------------*
MPRINT(EM_DIAGRAM):    filename O0ZCTQLU "J:\CIS-445-Project-4-master\CIS-445-Project-4-master\Project_4\Workspaces\EMWS1\Reg\EMTRAIN.out" encoding="UTF-8" NOBOM;
MPRINT(EM_DIAGRAM):   proc printto print=O0ZCTQLU new;
MPRINT(EM_DIAGRAM):   run;
MPRINT(EM_DIAGRAM):    filename _LOG "J:\CIS-445-Project-4-master\CIS-445-Project-4-master\Project_4\Workspaces\EMWS1\Reg\EMLOG.log" encoding="UTF-8" NOBOM;
MPRINT(EM_DIAGRAM):    data _null_;
MPRINT(EM_DIAGRAM):   call symput('NLDATE', strip(put(date(), NLDATE.)));
MPRINT(EM_DIAGRAM):   call symput('NLTIME', strip(put(datetime(), NLTIME.)));
MPRINT(EM_DIAGRAM):   run;
MPRINT(EM_DIAGRAM):   data _null_;
MPRINT(EM_DIAGRAM):   nldate= sasmsg("sashelp.dmine", "log_date_note", 'N', "November 19, 2018" );
MPRINT(EM_DIAGRAM):   nltime= sasmsg("sashelp.dmine", "log_time_note", 'N', "23:49:00" );
MPRINT(EM_DIAGRAM):   file _LOG;
MPRINT(EM_DIAGRAM):   put "*------------------------------------------------------------*";
MPRINT(EM_DIAGRAM):   put "User:                jmmorr01";
MPRINT(EM_DIAGRAM):   put nldate;
MPRINT(EM_DIAGRAM):   put nltime;
MPRINT(EM_DIAGRAM):   put "Site:                70080761";
MPRINT(EM_DIAGRAM):   put "Platform:            X64_8PRO";
MPRINT(EM_DIAGRAM):   put "Maintenance Release: 9.04.01M3P062415";
MPRINT(EM_DIAGRAM):   put "EM Version:          14.1";
MPRINT(EM_DIAGRAM):   put "* ";
MPRINT(EM_DIAGRAM):   run;
MPRINT(EM_DIAGRAM):    filename _LOGIN "J:\CIS-445-Project-4-master\CIS-445-Project-4-master\Project_4\Workspaces\EMWS1\Reg\EMTRAIN.log" encoding="UTF-8" NOBOM;
MPRINT(EM_COPYFILE):   data _null_;
MPRINT(EM_COPYFILE):   length line $20000;
MPRINT(EM_COPYFILE):   file _LOG MOD lrecl=20000;
MPRINT(EM_COPYFILE):   fid=fopen("_LOGIN",'i',20000,'v');
MPRINT(EM_COPYFILE):   if fid > 0 then do;
MPRINT(EM_COPYFILE):   do while(^fread(fid));
MPRINT(EM_COPYFILE):   rlen = frlen(fid);
MPRINT(EM_COPYFILE):   rc= fget(fid,line,20000);
MPRINT(EM_COPYFILE):   start = length(line)-length(left(line))+1;
MPRINT(EM_COPYFILE):   line=strip(line);
MPRINT(EM_COPYFILE):   put @start line;
MPRINT(EM_COPYFILE):   end;
MPRINT(EM_COPYFILE):   if fid > 0 then rc=fclose(fid);
MPRINT(EM_COPYFILE):   end;
MPRINT(EM_COPYFILE):   run;
MPRINT(EM_DIAGRAM):  ;
MPRINT(EM_DIAGRAM):   filename _LOGIN;
MPRINT(EM_DIAGRAM):    data _null_;
MPRINT(EM_DIAGRAM):   file _LOG mod;
MPRINT(EM_DIAGRAM):   put _page_;
MPRINT(EM_DIAGRAM):   run;
MPRINT(EM_DIAGRAM):   filename _LOGIN "J:\CIS-445-Project-4-master\CIS-445-Project-4-master\Project_4\Workspaces\EMWS1\Reg\EMSCORE.log" encoding="UTF-8" NOBOM;
MPRINT(EM_DIAGRAM):  ;
MPRINT(EM_DIAGRAM):   data _null_;
MPRINT(EM_DIAGRAM):   file _LOG mod;
MPRINT(EM_DIAGRAM):   put _page_;
MPRINT(EM_DIAGRAM):   run;
MPRINT(EM_DIAGRAM):    filename _LOGIN "J:\CIS-445-Project-4-master\CIS-445-Project-4-master\Project_4\Workspaces\EMWS1\Reg\EMREPORT.log" encoding="UTF-8" NOBOM;
MPRINT(EM_DIAGRAM):  ;
MPRINT(EM_DIAGRAM):   filename _LOGIN;
MPRINT(EM_DIAGRAM):    filename _LOG;
MPRINT(EM_DIAGRAM):    filename _OUT "J:\CIS-445-Project-4-master\CIS-445-Project-4-master\Project_4\Workspaces\EMWS1\Reg\EMOUTPUT.out" encoding="UTF-8" NOBOM;
MPRINT(EM_DIAGRAM):    data _null_;
MPRINT(EM_DIAGRAM):   call symput('NLDATE', strip(put(date(), NLDATE.)));
MPRINT(EM_DIAGRAM):   call symput('NLTIME', strip(put(datetime(), NLTIME.)));
MPRINT(EM_DIAGRAM):   run;
MPRINT(EM_DIAGRAM):   data _null_;
MPRINT(EM_DIAGRAM):   nldate= sasmsg("sashelp.dmine", "log_date_note", 'N', "November 19, 2018" );
MPRINT(EM_DIAGRAM):   nltime= sasmsg("sashelp.dmine", "log_time_note", 'N', "23:49:00" );
MPRINT(EM_DIAGRAM):   file _OUT;
MPRINT(EM_DIAGRAM):   put "*------------------------------------------------------------*";
MPRINT(EM_DIAGRAM):   put "User:                jmmorr01";
MPRINT(EM_DIAGRAM):   put nldate;
MPRINT(EM_DIAGRAM):   put nltime;
MPRINT(EM_DIAGRAM):   put "*------------------------------------------------------------*";
MPRINT(EM_DIAGRAM):   put "* Training Output";
MPRINT(EM_DIAGRAM):   put "*------------------------------------------------------------*";
MPRINT(EM_DIAGRAM):   run;
MPRINT(EM_DIAGRAM):    filename _OUTIN "J:\CIS-445-Project-4-master\CIS-445-Project-4-master\Project_4\Workspaces\EMWS1\Reg\EMTRAIN.out" encoding="UTF-8" NOBOM;
MPRINT(EM_DIAGRAM):   ;
MPRINT(EM_COPYFILE):   data _null_;
MPRINT(EM_COPYFILE):   length line $20000;
MPRINT(EM_COPYFILE):   file _OUT MOD lrecl=20000;
MPRINT(EM_COPYFILE):   fid=fopen("_OUTIN",'i',20000,'v');
MPRINT(EM_COPYFILE):   if fid > 0 then do;
MPRINT(EM_COPYFILE):   do while(^fread(fid));
MPRINT(EM_COPYFILE):   rlen = frlen(fid);
MPRINT(EM_COPYFILE):   rc= fget(fid,line,20000);
MPRINT(EM_COPYFILE):   start = length(line)-length(left(line))+1;
MPRINT(EM_COPYFILE):   line=strip(line);
MPRINT(EM_COPYFILE):   put @start line;
MPRINT(EM_COPYFILE):   end;
MPRINT(EM_COPYFILE):   if fid > 0 then rc=fclose(fid);
MPRINT(EM_COPYFILE):   end;
MPRINT(EM_COPYFILE):   run;
MPRINT(EM_DIAGRAM):  ;
MPRINT(EM_DIAGRAM):   filename _OUTIN;
MPRINT(EM_DIAGRAM):    data _null_;
MPRINT(EM_DIAGRAM):   file _OUT mod;
MPRINT(EM_DIAGRAM):   put _page_;
MPRINT(EM_DIAGRAM):   put // "*------------------------------------------------------------*";
MPRINT(EM_DIAGRAM):   put "* Score Output";
MPRINT(EM_DIAGRAM):   put "*------------------------------------------------------------*";
MPRINT(EM_DIAGRAM):   run;
MPRINT(EM_DIAGRAM):    filename _OUTIN "J:\CIS-445-Project-4-master\CIS-445-Project-4-master\Project_4\Workspaces\EMWS1\Reg\EMSCORE.out" encoding="UTF-8" NOBOM;
MPRINT(EM_DIAGRAM):  ;
MPRINT(EM_DIAGRAM):   filename _OUTIN;
MPRINT(EM_DIAGRAM):    data _null_;
MPRINT(EM_DIAGRAM):   file _OUT mod;
MPRINT(EM_DIAGRAM):   put _page_;
MPRINT(EM_DIAGRAM):   put // "*------------------------------------------------------------*";
MPRINT(EM_DIAGRAM):   put "* Report Output";
MPRINT(EM_DIAGRAM):   put "*------------------------------------------------------------*";
MPRINT(EM_DIAGRAM):   run;
MPRINT(EM_DIAGRAM):    filename _OUTIN "J:\CIS-445-Project-4-master\CIS-445-Project-4-master\Project_4\Workspaces\EMWS1\Reg\EMREPORT.out" encoding="UTF-8" NOBOM;
MPRINT(EM_DIAGRAM):  ;
MPRINT(EM_DIAGRAM):   filename _OUTIN;
MPRINT(EM_DIAGRAM):    filename _OUT;
MPRINT(EM_DIAGRAM):    filename _emtool_ 'J:\CIS-445-Project-4-master\CIS-445-Project-4-master\Project_4\Workspaces\EMWS1\Reg\EMRUNSTATUS.xml' encoding="UTF-8" NOBOM;
132057     proc freq data=EMWS1.Reg_VariableSet noprint;
MPRINT(EM_DIAGRAM):    proc freq data=EMWS1.Reg_VariableSet noprint;
132058     table ROLE*LEVEL/out=WORK.RegMETA;
MPRINT(EM_DIAGRAM):   table ROLE*LEVEL/out=WORK.RegMETA;
132059     run;
MPRINT(EM_DIAGRAM):   run;

NOTE: There were 20 observations read from the data set EMWS1.REG_VARIABLESET.
NOTE: The data set WORK.REGMETA has 5 observations and 4 variables.
NOTE: PROCEDURE FREQ used (Total process time):
      real time           0.09 seconds
      cpu time            0.01 seconds
      

132060     proc print data=WORK.RegMETA label noobs;
MPRINT(EM_DIAGRAM):   proc print data=WORK.RegMETA label noobs;
132061     var ROLE LEVEL COUNT;
MPRINT(EM_DIAGRAM):   var ROLE LEVEL COUNT;
132062     label ROLE = "%sysfunc(sasmsg(sashelp.dmine, meta_role_vlabel, NOQUOTE))" LEVEL = "%sysfunc(sasmsg(sashelp.dmine, meta_level_vlabel, NOQUOTE))" COUNT = "%sysfunc(sasmsg(sashelp.dmine, rpt_count_vlabel, NOQUOTE))";
MPRINT(EM_DIAGRAM):   label ROLE = "Role" LEVEL = "Measurement Level" COUNT = "Frequency Count";
132063     title9 ' ';
MPRINT(EM_DIAGRAM):   title9 ' ';
132064     title10 "%sysfunc(sasmsg(sashelp.dmine, rpt_varSummary_title  , NOQUOTE))";
MPRINT(EM_DIAGRAM):   title10 "Variable Summary";
MPRINT(EM_DIAGRAM):   run;
132065     run;

NOTE: There were 5 observations read from the data set WORK.REGMETA.
NOTE: The PROCEDURE PRINT printed page 47.
NOTE: PROCEDURE PRINT used (Total process time):
      real time           0.01 seconds
      cpu time            0.01 seconds
      

132066     title10;
MPRINT(EM_DIAGRAM):   title10;
132067     %let EMNORLEN = %DMNORLEN;
MPRINT(EM_DIAGRAM):   
EMWS1.BINNING_TRAIN EMWS1.BINNING_TRAIN 
EMWS1.BINNING_TRAIN EMWS1.BINNING_TRAIN EMWS1 BINNING_TRAIN 
EMWS1.BINNING_TRAIN EMWS1.BINNING_TRAIN 
EMWS1.BINNING_TRAIN EMWS1.BINNING_TRAIN EMWS1 BINNING_TRAIN 
>>>>>>>>>>>>>> TARGET(   NAME='SalePrice' 
                         ROLE='TARGET' 
                         LEVEL='INTERVAL' 
                         ORDER='' 
                         CREATOR='' 
                         FORMATTYPE='QUANTITY' 
                         FAMILY='' 
                         LOWERLIMIT=. 
                         UPPERLIMIT=. 
                         REPORT='N' 
                         DISTRIBUTION='' 
                         COMMENT='' 
                         PRICE=. 
                         TYPE='N' 
                         LABEL='SalePrice' 
                         FORMAT='BEST.' 
                         INFORMAT='' 
                         INDEX='N' 
                         INDEXTYPE='NONE' 
                         LENGTH=8 
                         USE='Y' 
                      )[34557] 
MPRINT(EM_DIAGRAM):   
MPRINT(HPDM_PERFORMANCE):  ;
PERFORMANCE  DETAILS
MPRINT(EM_DIAGRAM):  ;
MPRINT(EM_DIAGRAM):    *------------------------------------------------------------* ;
MPRINT(EM_DIAGRAM):   * EM: DMDBClass Macro ;
MPRINT(EM_DIAGRAM):   *------------------------------------------------------------* ;
MPRINT(EM_DIAGRAM):   *------------------------------------------------------------* ;
MPRINT(EM_DIAGRAM):   * EM: DMDBVar Macro ;
MPRINT(EM_DIAGRAM):   *------------------------------------------------------------* ;
MPRINT(EM_DIAGRAM):   *------------------------------------------------------------*;
MPRINT(EM_DIAGRAM):   * EM: Create DMDB;
MPRINT(EM_DIAGRAM):   *------------------------------------------------------------*;
MPRINT(EM_DIAGRAM):   proc dmdb batch data=EMWS1.BINNING_TRAIN dmdbcat=WORK.EM_DMDB maxlevel = 513 ;
MPRINT(EM_DIAGRAM):   var
MPRINT(DMDBVAR):   SalePrice
MPRINT(EM_DIAGRAM):  ;
MPRINT(EM_DIAGRAM):   target SalePrice ;
MPRINT(EM_DIAGRAM):   run;
MPRINT(EM_DIAGRAM):   quit;
MPRINT(EM_DIAGRAM):   *--- end code ---*;
WORK.EM_DMDB WORK.EM_DMDB 
WORK.EM_DMDB WORK.EM_DMDB WORK EM_DMDB 
MPRINT(EM_DIAGRAM):    proc datasets lib=EMWS1 nolist;
MPRINT(EM_DIAGRAM):   modify Reg_SalePrice_DD(type=PROFIT label= SalePrice);
MPRINT(EM_DIAGRAM):   run;
MPRINT(EM_DIAGRAM):   quit;
MPRINT(EM_DIAGRAM):    *------------------------------------------------------------*;
MPRINT(EM_DIAGRAM):   * Reg: Determine decision variables for SalePrice;
MPRINT(EM_DIAGRAM):   *------------------------------------------------------------*;
MPRINT(EM_DIAGRAM):   data WORK.Reg_SCORE;
MPRINT(EM_DIAGRAM):   set EMWS1.BINNING_TRAIN;
MPRINT(EM_DIAGRAM):   keep SalePrice;
MPRINT(EM_DIAGRAM):   keep 'P_SalePrice'n;
MPRINT(EM_DIAGRAM):   'P_SalePrice'n = 0.5;
MPRINT(EM_DIAGRAM):   if _N_=1 then do;
MPRINT(EM_DIAGRAM):   output;
MPRINT(EM_DIAGRAM):   stop;
MPRINT(EM_DIAGRAM):   end;
MPRINT(EM_DIAGRAM):   run;
MPRINT(EM_DIAGRAM):    data EMWS1.Reg_SalePrice_DM;
MPRINT(EM_DIAGRAM):   set EMWS1.Reg_SalePrice_DM;
MPRINT(EM_DIAGRAM):   where _TYPE_ ^in('FREQ', 'BESTPROFIT', 'COMPUTEDPROFIT', 'EXPECTEDPROFIT', 'BESTLOSS', 'COMPUTEDLOSS', 'EXPECTEDLOSS', 'ROI', 'INVESTMENTCOST', 'MODELDECISION');
MPRINT(EM_DIAGRAM):   run;
MPRINT(EM_DIAGRAM):    proc datasets lib=work nolist;
MPRINT(EM_DIAGRAM):   modify SalePrice(type=PROFIT label= SalePrice);
MPRINT(EM_DIAGRAM):   run;
MPRINT(EM_DIAGRAM):   quit;
MPRINT(EM_DIAGRAM):    data EMWS1.Reg_SalePrice_DM;
MPRINT(EM_DIAGRAM):   set EMWS1.Reg_SalePrice_DM end=eof;
MPRINT(EM_DIAGRAM):   output;
MPRINT(EM_DIAGRAM):   if eof then do;
MPRINT(EM_DIAGRAM):   end;
MPRINT(EM_DIAGRAM):   run;
"No decisions defined for target "SalePrice"." 
132128     proc print data = EMWS1.Reg_SalePrice_DM noobs label;
MPRINT(EM_DIAGRAM):    proc print data = EMWS1.Reg_SalePrice_DM noobs label;
132129     var _type_ variable label;
MPRINT(EM_DIAGRAM):   var _type_ variable label;
132130     where _type_ ^in('MATRIX', 'DECISION', 'TRAINPRIOR', 'DATAPRIOR', 'DECPRIOR');
MPRINT(EM_DIAGRAM):   where _type_ ^in('MATRIX', 'DECISION', 'TRAINPRIOR', 'DATAPRIOR', 'DECPRIOR');
132131     label _TYPE_ = "%sysfunc(sasmsg(sashelp.dmine, rpt_type_vlabel,     NOQUOTE))" VARIABLE = "%sysfunc(sasmsg(sashelp.dmine, rpt_variable_vlabel, NOQUOTE))" LABEL = "%sysfunc(sasmsg(sashelp.dmine, meta_label_vlabel, NOQUOTE))";
MPRINT(EM_DIAGRAM):   label _TYPE_ = "Type" VARIABLE = "Variable" LABEL = "Label";
132132     title9 ' ';
MPRINT(EM_DIAGRAM):   title9 ' ';
132133     title10 "%sysfunc(sasmsg(sashelp.dmine, rpt_predDecVars_title  , NOQUOTE))";
MPRINT(EM_DIAGRAM):   title10 "Predicted and decision variables";
MPRINT(EM_DIAGRAM):   run;
132134     run;

NOTE: There were 3 observations read from the data set EMWS1.REG_SALEPRICE_DM.
      WHERE _type_ not in ('DATAPRIOR', 'DECISION', 'DECPRIOR', 'MATRIX', 'TRAINPRIOR');
NOTE: The PROCEDURE PRINT printed page 48.
NOTE: PROCEDURE PRINT used (Total process time):
      real time           0.01 seconds
      cpu time            0.00 seconds
      

132135     title10;
MPRINT(EM_DIAGRAM):   title10;
MPRINT(EM_DIAGRAM):    *------------------------------------------------------------*;
MPRINT(EM_DIAGRAM):   * Reg: Preparing metadata for Training *------------------------------------------------------------*;
MPRINT(EM_DIAGRAM):   data WORK.M3COOS8C;
MPRINT(EM_DIAGRAM):   set WORK.M3COOS8C;
MPRINT(EM_DIAGRAM):   where use = 'Y' or (role = 'INPUT' and use = 'D') ;
MPRINT(EM_DIAGRAM):   if (role = 'REJECTED') then role = 'INPUT';
MPRINT(EM_DIAGRAM):   if use = 'D' then use = 'Y';
MPRINT(EM_DIAGRAM):   run;
NOTE: There were 3 observations read from the data set EMWS1.REG_SALEPRICE_DD.
NOTE: The data set WORK.SALEPRICE has 3 observations and 1 variables.
NOTE: There were 3 observations read from the data set EMWS1.REG_SALEPRICE_DD.
NOTE: The data set WORK.SALEPRICE has 3 observations and 1 variables.
132145     *------------------------------------------------------------*;
MPRINT(EM_DIAGRAM):    *------------------------------------------------------------*;
132146     * Reg: Create decision matrix;
MPRINT(EM_DIAGRAM):   * Reg: Create decision matrix;
132147     *------------------------------------------------------------*;
MPRINT(EM_DIAGRAM):   *------------------------------------------------------------*;
132148     data WORK.SalePrice(label="SalePrice");
MPRINT(EM_DIAGRAM):   data WORK.SalePrice(label="SalePrice");
132149       length   SalePrice                            8
132150                ;
MPRINT(EM_DIAGRAM):   length SalePrice 8 ;
132151     
132152       label    SalePrice="SalePrice"
132153                ;
MPRINT(EM_DIAGRAM):   label SalePrice= "SalePrice" ;
132154      SalePrice=44185;
MPRINT(EM_DIAGRAM):   SalePrice=44185;
132155     output;
MPRINT(EM_DIAGRAM):   output;
132156      SalePrice=121984;
MPRINT(EM_DIAGRAM):   SalePrice=121984;
132157     output;
MPRINT(EM_DIAGRAM):   output;
132158      SalePrice=75017.5647668393;
MPRINT(EM_DIAGRAM):   SalePrice=75017.5647668393;
132159     output;
MPRINT(EM_DIAGRAM):   output;
132160     ;
MPRINT(EM_DIAGRAM):   ;
132161     run;
MPRINT(EM_DIAGRAM):   run;

NOTE: The data set WORK.SALEPRICE has 3 observations and 1 variables.
NOTE: DATA statement used (Total process time):
      real time           0.00 seconds
      cpu time            0.00 seconds
      

132162     proc datasets lib=work nolist;
MPRINT(EM_DIAGRAM):   proc datasets lib=work nolist;
132163     modify SalePrice(type=PROFIT label=SalePrice);
MPRINT(EM_DIAGRAM):   modify SalePrice(type=PROFIT label= SalePrice);
MPRINT(EM_DIAGRAM):   run;
132164     run;

NOTE: MODIFY was successful for WORK.SALEPRICE.DATA.
132165     quit;
MPRINT(EM_DIAGRAM):   quit;

NOTE: PROCEDURE DATASETS used (Total process time):
      real time           0.04 seconds
      cpu time            0.01 seconds
      

132166     data EM_DMREG / view=EM_DMREG;
MPRINT(EM_DIAGRAM):   data EM_DMREG / view=EM_DMREG;
132167     set EMWS1.BINNING_TRAIN(keep=
132168     GRP_Age GRP_BasementType GRP_Baths GRP_CentralAir GRP_FirePlace
132169     GRP_G_ConstructionType GRP_GarageSize GRP_TotalArea SalePrice);
MPRINT(EM_DIAGRAM):   set EMWS1.BINNING_TRAIN(keep= GRP_Age GRP_BasementType GRP_Baths GRP_CentralAir GRP_FirePlace GRP_G_ConstructionType GRP_GarageSize GRP_TotalArea SalePrice);
132170     run;
MPRINT(EM_DIAGRAM):   run;

NOTE: DATA STEP view saved on file WORK.EM_DMREG.
NOTE: A stored DATA STEP view cannot run under a different operating system.
NOTE: View EMWS1.BINNING_TRAIN.VIEW used (Total process time):
      real time           0.14 seconds
      cpu time            0.10 seconds
      
NOTE: DATA statement used (Total process time):
      real time           0.15 seconds
      cpu time            0.12 seconds
      

MPRINT(EM_DIAGRAM):   *------------------------------------------------------------* ;
MPRINT(EM_DIAGRAM):   * Reg: DMDBClass Macro ;
MPRINT(EM_DIAGRAM):   *------------------------------------------------------------* ;
132171     *------------------------------------------------------------* ;
132172     * Reg: DMDBClass Macro ;
132173     *------------------------------------------------------------* ;
132174     %macro DMDBClass;
132175         GRP_Age(ASC) GRP_BasementType(ASC) GRP_Baths(ASC) GRP_CentralAir(ASC)
132176        GRP_FirePlace(ASC) GRP_G_ConstructionType(ASC) GRP_GarageSize(ASC)
132177        GRP_TotalArea(ASC)
132178     %mend DMDBClass;
132179     *------------------------------------------------------------* ;
MPRINT(EM_DIAGRAM):   *------------------------------------------------------------* ;
132180     * Reg: DMDBVar Macro ;
MPRINT(EM_DIAGRAM):   * Reg: DMDBVar Macro ;
132181     *------------------------------------------------------------* ;
MPRINT(EM_DIAGRAM):   *------------------------------------------------------------* ;
132182     %macro DMDBVar;
132183         SalePrice
132184     %mend DMDBVar;
132185     *------------------------------------------------------------*;
MPRINT(EM_DIAGRAM):   *------------------------------------------------------------*;
132186     * Reg: Create DMDB;
MPRINT(EM_DIAGRAM):   * Reg: Create DMDB;
132187     *------------------------------------------------------------*;
MPRINT(EM_DIAGRAM):   *------------------------------------------------------------*;
132188     proc dmdb batch data=WORK.EM_DMREG
132189     dmdbcat=WORK.Reg_DMDB
132190     maxlevel = 513
132191     ;
MPRINT(EM_DIAGRAM):   proc dmdb batch data=WORK.EM_DMREG dmdbcat=WORK.Reg_DMDB maxlevel = 513 ;
MPRINT(EM_DIAGRAM):   class
132192     class %DMDBClass;
MPRINT(DMDBCLASS):   GRP_Age(ASC) GRP_BasementType(ASC) GRP_Baths(ASC) GRP_CentralAir(ASC) GRP_FirePlace(ASC) GRP_G_ConstructionType(ASC) GRP_GarageSize(ASC) GRP_TotalArea(ASC)
MPRINT(EM_DIAGRAM):  ;
MPRINT(EM_DIAGRAM):   var
132193     var %DMDBVar;
MPRINT(DMDBVAR):   SalePrice
MPRINT(EM_DIAGRAM):  ;
132194     target
132195     SalePrice
132196     ;
MPRINT(EM_DIAGRAM):   target SalePrice ;
132197     run;
MPRINT(EM_DIAGRAM):   run;

NOTE: Records processed = 193   Memory used = 511K.
NOTE: There were 218 observations read from the data set EMWS1.PART_TRAIN.
NOTE: There were 193 observations read from the data set EMWS1.FILTER_TRAIN.
NOTE: There were 193 observations read from the data set EMWS1.VARSEL_TRAIN.
NOTE: There were 193 observations read from the data set EMWS1.TRANS_TRAIN.
NOTE: View WORK.EM_DMREG.VIEW used (Total process time):
      real time           0.18 seconds
      cpu time            0.17 seconds
      
NOTE: There were 193 observations read from the data set EMWS1.BINNING_TRAIN.
NOTE: There were 193 observations read from the data set WORK.EM_DMREG.
NOTE: PROCEDURE DMDB used (Total process time):
      real time           0.20 seconds
      cpu time            0.18 seconds
      

MPRINT(EM_DIAGRAM):   quit;
MPRINT(EM_DIAGRAM):   *--- end code ---*;
132198     quit;
132199     *--- end code ---*;

132200     *------------------------------------------------------------*;
MPRINT(EM_DIAGRAM):    *------------------------------------------------------------*;
132201     * Reg: Run DMREG procedure;
MPRINT(EM_DIAGRAM):   * Reg: Run DMREG procedure;
132202     *------------------------------------------------------------*;
MPRINT(EM_DIAGRAM):   *------------------------------------------------------------*;
132203     proc dmreg data=EM_DMREG dmdbcat=WORK.Reg_DMDB
132204     validata = EMWS1.BINNING_VALIDATE
132205     outest = EMWS1.Reg_EMESTIMATE
132206     outterms = EMWS1.Reg_OUTTERMS
132207     outmap= EMWS1.Reg_MAPDS namelen=200
132208     ;
MPRINT(EM_DIAGRAM):   proc dmreg data=EM_DMREG dmdbcat=WORK.Reg_DMDB validata = EMWS1.BINNING_VALIDATE outest = EMWS1.Reg_EMESTIMATE outterms = EMWS1.Reg_OUTTERMS outmap= EMWS1.Reg_MAPDS namelen=200 ;
132209     class
132210     GRP_Age
132211     GRP_BasementType
132212     GRP_Baths
132213     GRP_CentralAir
132214     GRP_FirePlace
132215     GRP_G_ConstructionType
132216     GRP_GarageSize
132217     GRP_TotalArea
132218     ;
MPRINT(EM_DIAGRAM):   class GRP_Age GRP_BasementType GRP_Baths GRP_CentralAir GRP_FirePlace GRP_G_ConstructionType GRP_GarageSize GRP_TotalArea ;
132219     model SalePrice =
132220     GRP_Age
132221     GRP_BasementType
132222     GRP_Baths
132223     GRP_CentralAir
132224     GRP_FirePlace
132225     GRP_G_ConstructionType
132226     GRP_GarageSize
132227     GRP_TotalArea
132228     /error=normal
132229     coding=DEVIATION
132230     nodesignprint
132231     ;
MPRINT(EM_DIAGRAM):   model SalePrice = GRP_Age GRP_BasementType GRP_Baths GRP_CentralAir GRP_FirePlace GRP_G_ConstructionType GRP_GarageSize GRP_TotalArea /error=normal coding=DEVIATION nodesignprint ;
132232     ;
MPRINT(EM_DIAGRAM):   ;
132233     code file="J:\CIS-445-Project-4-master\CIS-445-Project-4-master\Project_4\Workspaces\EMWS1\Reg\EMPUBLISHSCORE.sas"
132234     group=Reg
132235     ;
MPRINT(EM_DIAGRAM):   code file="J:\CIS-445-Project-4-master\CIS-445-Project-4-master\Project_4\Workspaces\EMWS1\Reg\EMPUBLISHSCORE.sas" group=Reg ;
132236     code file="J:\CIS-445-Project-4-master\CIS-445-Project-4-master\Project_4\Workspaces\EMWS1\Reg\EMFLOWSCORE.sas"
132237     group=Reg
132238     residual
132239     ;
MPRINT(EM_DIAGRAM):   code file="J:\CIS-445-Project-4-master\CIS-445-Project-4-master\Project_4\Workspaces\EMWS1\Reg\EMFLOWSCORE.sas" group=Reg residual ;
132240     run;
MPRINT(EM_DIAGRAM):   run;

NOTE: External file J:\CIS-445-Project-4-master\CIS-445-Project-4-master\Project_4\Workspaces\EMWS1\Reg\EMPUBLISHSCORE.sas opened.
NOTE: External file J:\CIS-445-Project-4-master\CIS-445-Project-4-master\Project_4\Workspaces\EMWS1\Reg\EMFLOWSCORE.sas opened.
NOTE: There were 145 observations read from the data set EMWS1.PART_VALIDATE.
NOTE: There were 145 observations read from the data set EMWS1.FILTER_VALIDATE.
NOTE: There were 145 observations read from the data set EMWS1.VARSEL_VALIDATE.
NOTE: View EMWS1.BINNING_VALIDATE.VIEW used (Total process time):
      real time           0.48 seconds
      cpu time            0.21 seconds
      
NOTE: There were 145 observations read from the data set EMWS1.TRANS_VALIDATE.
NOTE: There were 218 observations read from the data set EMWS1.PART_TRAIN.
NOTE: There were 193 observations read from the data set EMWS1.FILTER_TRAIN.
NOTE: There were 193 observations read from the data set EMWS1.VARSEL_TRAIN.
NOTE: There were 193 observations read from the data set EMWS1.TRANS_TRAIN.
NOTE: View WORK.EM_DMREG.VIEW used (Total process time):
      real time           0.68 seconds
      cpu time            0.39 seconds
      
NOTE: There were 193 observations read from the data set EMWS1.BINNING_TRAIN.
NOTE: There were 193 observations read from the data set WORK.EM_DMREG.
NOTE: There were 145 observations read from the data set EMWS1.BINNING_VALIDATE.
NOTE: The data set EMWS1.REG_EMESTIMATE has 3 observations and 46 variables.
NOTE: The data set EMWS1.REG_OUTTERMS has 14 observations and 6 variables.
NOTE: The data set EMWS1.REG_MAPDS has 2 observations and 15 variables.
NOTE: The PROCEDURE DMREG printed page 49.
NOTE: PROCEDURE DMREG used (Total process time):
      real time           0.88 seconds
      cpu time            0.43 seconds
      

MPRINT(EM_DIAGRAM):   quit;
132241     quit;

132242     proc datasets lib=WORK nolist;
MPRINT(EM_DIAGRAM):    proc datasets lib=WORK nolist;
132243     delete Reg_DMDB;
MPRINT(EM_DIAGRAM):   delete Reg_DMDB;
132244     run;
MPRINT(EM_DIAGRAM):   run;

NOTE: The file WORK.REG_DMDB (memtype=DATA) was not found, but appears on a DELETE statement.
132245     quit;
MPRINT(EM_DIAGRAM):   quit;

NOTE: PROCEDURE DATASETS used (Total process time):
      real time           0.03 seconds
      cpu time            0.03 seconds
      

132246     proc datasets lib=WORK nolist;
MPRINT(EM_DIAGRAM):    proc datasets lib=WORK nolist;
132247     delete Reg_DMDB / memtype=catalog;
MPRINT(EM_DIAGRAM):   delete Reg_DMDB / memtype=catalog;
132248     run;
MPRINT(EM_DIAGRAM):   run;

NOTE: Deleting WORK.REG_DMDB (memtype=CATALOG).
132249     quit;
MPRINT(EM_DIAGRAM):   quit;

NOTE: PROCEDURE DATASETS used (Total process time):
      real time           0.02 seconds
      cpu time            0.03 seconds
      

132250     data WORK.ESTIMATE;
MPRINT(EM_DIAGRAM):    data WORK.ESTIMATE;
132251     length _NAME_ $32;
MPRINT(EM_DIAGRAM):   length _NAME_ $32;
132252     set EMWS1.Reg_EMESTIMATE;
MPRINT(EM_DIAGRAM):   set EMWS1.Reg_EMESTIMATE;
132253     drop _AIC_--_VSUMW_
132254     ;
MPRINT(EM_DIAGRAM):   drop _AIC_--_VSUMW_ ;
132255     where _TYPE_ in('PARMS', 'T', 'P');
MPRINT(EM_DIAGRAM):   where _TYPE_ in('PARMS', 'T', 'P');
132256     select(_TYPE_);
MPRINT(EM_DIAGRAM):   select(_TYPE_);
132257     when('PARMS') _NAME_='Coefficient';
MPRINT(EM_DIAGRAM):   when('PARMS') _NAME_='Coefficient';
132258     when('T') _NAME_='tValue';
MPRINT(EM_DIAGRAM):   when('T') _NAME_='tValue';
132259     when('P') _NAME_='PValue';
MPRINT(EM_DIAGRAM):   when('P') _NAME_='PValue';
132260     otherwise;
MPRINT(EM_DIAGRAM):   otherwise;
132261     end;
MPRINT(EM_DIAGRAM):   end;
132262     run;
MPRINT(EM_DIAGRAM):   run;

NOTE: There were 3 observations read from the data set EMWS1.REG_EMESTIMATE.
      WHERE _TYPE_ in ('P', 'PARMS', 'T');
NOTE: The data set WORK.ESTIMATE has 3 observations and 16 variables.
NOTE: DATA statement used (Total process time):
      real time           0.03 seconds
      cpu time            0.01 seconds
      

132263     proc transpose data=WORK.ESTIMATE out=WORK.ESTIMATE(rename=(_NAME_=Effect));
MPRINT(EM_DIAGRAM):   proc transpose data=WORK.ESTIMATE out=WORK.ESTIMATE(rename=(_NAME_=Effect));
132264     run;
MPRINT(EM_DIAGRAM):   run;

NOTE: There were 3 observations read from the data set WORK.ESTIMATE.
NOTE: The data set WORK.ESTIMATE has 14 observations and 5 variables.
NOTE: PROCEDURE TRANSPOSE used (Total process time):
      real time           0.03 seconds
      cpu time            0.01 seconds
      

132265     proc transpose data=EMWS1.Reg_MAPDS out=WORK.MAP(rename=(_NAME_=Effect INPUT=Variable
132266     ));
MPRINT(EM_DIAGRAM):   proc transpose data=EMWS1.Reg_MAPDS out=WORK.MAP(rename=(_NAME_=Effect INPUT=Variable ));
132267     var 'GRP_Age2'n--'GRP_TotalArea4'n;
MPRINT(EM_DIAGRAM):   var 'GRP_Age2'n--'GRP_TotalArea4'n;
132268     run;
MPRINT(EM_DIAGRAM):   run;

NOTE: There were 2 observations read from the data set EMWS1.REG_MAPDS.
NOTE: The data set WORK.MAP has 13 observations and 4 variables.
NOTE: PROCEDURE TRANSPOSE used (Total process time):
      real time           0.03 seconds
      cpu time            0.00 seconds
      

132269     proc sort data=WORK.MAP;
MPRINT(EM_DIAGRAM):   proc sort data=WORK.MAP;
132270     by Effect;
MPRINT(EM_DIAGRAM):   by Effect;
132271     run;
MPRINT(EM_DIAGRAM):   run;

NOTE: There were 13 observations read from the data set WORK.MAP.
NOTE: The data set WORK.MAP has 13 observations and 4 variables.
NOTE: PROCEDURE SORT used (Total process time):
      real time           0.01 seconds
      cpu time            0.01 seconds
      

132272     proc sort data=WORK.ESTIMATE;
MPRINT(EM_DIAGRAM):   proc sort data=WORK.ESTIMATE;
132273     by Effect;
MPRINT(EM_DIAGRAM):   by Effect;
132274     run;
MPRINT(EM_DIAGRAM):   run;

NOTE: There were 14 observations read from the data set WORK.ESTIMATE.
NOTE: The data set WORK.ESTIMATE has 14 observations and 5 variables.
NOTE: PROCEDURE SORT used (Total process time):
      real time           0.01 seconds
      cpu time            0.01 seconds
      

132275     data EMWS1.Reg_EFFECTS(rename=(_LABEL_=EffectLabel));
MPRINT(EM_DIAGRAM):   data EMWS1.Reg_EFFECTS(rename=(_LABEL_=EffectLabel));
132276     length Variable ClassLevel $32;
MPRINT(EM_DIAGRAM):   length Variable ClassLevel $32;
132277     merge WORK.ESTIMATE WORK.MAP;
MPRINT(EM_DIAGRAM):   merge WORK.ESTIMATE WORK.MAP;
132278     by Effect;
MPRINT(EM_DIAGRAM):   by Effect;
132279     label Effect = "%sysfunc(sasmsg(sashelp.dmine, rpt_effect_vlabel, NOQUOTE))" Variable = "%sysfunc(sasmsg(sashelp.dmine, rpt_variable_vlabel, NOQUOTE))" Sign = "%sysfunc(sasmsg(sashelp.dmine, rpt_sign_vlabel, NOQUOTE))" ClassLevel =
132280        "%sysfunc(sasmsg(sashelp.dmine, rpt_level_vlabel, NOQUOTE))" Abscoefficient = "%sysfunc(sasmsg(sashelp.dmine, rpt_abscoefficient_vlabel, NOQUOTE))" Coefficient = "%sysfunc(sasmsg(sashelp.dmine, rpt_coefficient_vlabel, NOQUOTE))" _LABEL_ =
132281        "%sysfunc(sasmsg(sashelp.dmine, rpt_effectLabel_vlabel, NOQUOTE))" CODE = "%sysfunc(sasmsg(sashelp.dmine, rpt_scorecodevar_vlabel, NOQUOTE))";
MPRINT(EM_DIAGRAM):   label Effect = "Effect" Variable = "Variable" Sign = "Sign" ClassLevel = "Level" Abscoefficient = "Absolute Coefficient" Coefficient = "Coefficient" _LABEL_ = "Effect Label" CODE = "Score Code Variable";
132282     label tvalue = "%sysfunc(sasmsg(sashelp.dmine, rpt_tvalue_vlabel,         NOQUOTE))" abstvalue = "%sysfunc(sasmsg(sashelp.dmine, rpt_absoluteTvalue_vlabel, NOQUOTE))" PValue = "%sysfunc(sasmsg(sashelp.dmine, rpt_pvalue_vlabel,         NOQUOTE))"
132282   ! ;
MPRINT(EM_DIAGRAM):   label tvalue = "T-value" abstvalue = "Absolute T-value" PValue = "P Value";
132283     abstvalue = abs(tValue);
MPRINT(EM_DIAGRAM):   abstvalue = abs(tValue);
132284     if index(Effect, 'Intercept') then do;
MPRINT(EM_DIAGRAM):   if index(Effect, 'Intercept') then do;
132285     variable = 'Intercept';
MPRINT(EM_DIAGRAM):   variable = 'Intercept';
132286     classLevel = scan(_LABEL_, 2, '=');
MPRINT(EM_DIAGRAM):   classLevel = scan(_LABEL_, 2, '=');
132287     end;
MPRINT(EM_DIAGRAM):   end;
132288     if ^indexc(variable, '*') then do;
MPRINT(EM_DIAGRAM):   if ^indexc(variable, '*') then do;
132289     if length(effect)>length(variable) then classlevel = substr(Effect, length(variable)+1);
MPRINT(EM_DIAGRAM):   if length(effect)>length(variable) then classlevel = substr(Effect, length(variable)+1);
132290     end;
MPRINT(EM_DIAGRAM):   end;
132291     if Effect eq '' then Effect = Variable;
MPRINT(EM_DIAGRAM):   if Effect eq '' then Effect = Variable;
132292     if coefficient < 0 then sign = '-';
MPRINT(EM_DIAGRAM):   if coefficient < 0 then sign = '-';
132293     else sign = '+';
MPRINT(EM_DIAGRAM):   else sign = '+';
132294     abscoefficient = abs(coefficient);
MPRINT(EM_DIAGRAM):   abscoefficient = abs(coefficient);
132295     if _LABEL_ = '' then _LABEL_ = Effect;
MPRINT(EM_DIAGRAM):   if _LABEL_ = '' then _LABEL_ = Effect;
132296     if coefficient ne . then output;
MPRINT(EM_DIAGRAM):   if coefficient ne . then output;
132297     run;
MPRINT(EM_DIAGRAM):   run;

NOTE: There were 14 observations read from the data set WORK.ESTIMATE.
NOTE: There were 13 observations read from the data set WORK.MAP.
NOTE: The data set EMWS1.REG_EFFECTS has 14 observations and 11 variables.
NOTE: DATA statement used (Total process time):
      real time           0.10 seconds
      cpu time            0.06 seconds
      

132298     proc sort data =EMWS1.Reg_EFFECTS;
MPRINT(EM_DIAGRAM):    proc sort data =EMWS1.Reg_EFFECTS;
132299     by
132300     descending abstvalue;
MPRINT(EM_DIAGRAM):   by descending abstvalue;
132301     run;
MPRINT(EM_DIAGRAM):   run;

NOTE: There were 14 observations read from the data set EMWS1.REG_EFFECTS.
NOTE: The data set EMWS1.REG_EFFECTS has 14 observations and 11 variables.
NOTE: PROCEDURE SORT used (Total process time):
      real time           0.10 seconds
      cpu time            0.00 seconds
      

132302     data EMWS1.Reg_EFFECTS;
MPRINT(EM_DIAGRAM):   data EMWS1.Reg_EFFECTS;
132303     set EMWS1.Reg_EFFECTS;
MPRINT(EM_DIAGRAM):   set EMWS1.Reg_EFFECTS;
132304     format TEffectNum 3.;
MPRINT(EM_DIAGRAM):   format TEffectNum 3.;
132305     label TEffectNum = "%sysfunc(sasmsg(sashelp.dmine, rpt_teffectnum_vlabel, NOQUOTE))";
MPRINT(EM_DIAGRAM):   label TEffectNum = "TScore Number";
132306     retain TEffectNum;
MPRINT(EM_DIAGRAM):   retain TEffectNum;
132307     TEffectNum = _N_;
MPRINT(EM_DIAGRAM):   TEffectNum = _N_;
132308     run;
MPRINT(EM_DIAGRAM):   run;

NOTE: There were 14 observations read from the data set EMWS1.REG_EFFECTS.
NOTE: The data set EMWS1.REG_EFFECTS has 14 observations and 12 variables.
NOTE: DATA statement used (Total process time):
      real time           0.12 seconds
      cpu time            0.06 seconds
      

132309     proc sort data =EMWS1.Reg_EFFECTS;
MPRINT(EM_DIAGRAM):    proc sort data =EMWS1.Reg_EFFECTS;
132310     by
132311     descending absCoefficient;
MPRINT(EM_DIAGRAM):   by descending absCoefficient;
132312     run;
MPRINT(EM_DIAGRAM):   run;

NOTE: There were 14 observations read from the data set EMWS1.REG_EFFECTS.
NOTE: The data set EMWS1.REG_EFFECTS has 14 observations and 12 variables.
NOTE: PROCEDURE SORT used (Total process time):
      real time           0.10 seconds
      cpu time            0.04 seconds
      

132313     data EMWS1.Reg_EFFECTS;
MPRINT(EM_DIAGRAM):   data EMWS1.Reg_EFFECTS;
132314     set EMWS1.Reg_EFFECTS;
MPRINT(EM_DIAGRAM):   set EMWS1.Reg_EFFECTS;
132315     format EffectNum 3.;
MPRINT(EM_DIAGRAM):   format EffectNum 3.;
132316     label EffectNum = "%sysfunc(sasmsg(sashelp.dmine, rpt_effectnum_vlabel, NOQUOTE))";
MPRINT(EM_DIAGRAM):   label EffectNum = "Effect Number";
132317     retain EffectNum;
MPRINT(EM_DIAGRAM):   retain EffectNum;
132318     EffectNum = _N_;
MPRINT(EM_DIAGRAM):   EffectNum = _N_;
132319     run;
MPRINT(EM_DIAGRAM):   run;

NOTE: There were 14 observations read from the data set EMWS1.REG_EFFECTS.
NOTE: The data set EMWS1.REG_EFFECTS has 14 observations and 13 variables.
NOTE: DATA statement used (Total process time):
      real time           0.10 seconds
      cpu time            0.04 seconds
      

MPRINT(EM_DIAGRAM):    proc printto;
MPRINT(EM_DIAGRAM):   run;
