 
                                                                                                                                                                                                                                                                
 
 
Fit Statistics

Target=SalePrice Target Label=SalePrice

   Fit
Statistics    Statistics Label                           Train        Validation

 _NW_         Number of Estimated Weights                 9.00               .  
 _NOBS_       Sum of Frequencies                        218.00            145.00
 _SUMW_       Sum of Case Weights Times Freq            218.00            145.00
 _DFT_        Total Degrees of Freedom                  218.00               .  
 _DFM_        Model Degrees of Freedom                    9.00               .  
 _DFE_        Degrees of Freedom for Error              209.00               .  
 _ASE_        Average Squared Error               224414002.90      297233201.32
 _RASE_       Root Average Squared Error              14980.45          17240.45
 _DIV_        Divisor for ASE                           218.00            145.00
 _SSE_        Sum of Squared Errors             48922252632.33    43098814191.19
 _MSE_        Mean Squared Error                  234077763.79      297233201.32
 _RMSE_       Root Mean Squared Error                 15299.60          17240.45
 _AVERR_      Average Error Function              224414002.90      297233201.32
 _ERR_        Error Function                    48922252632.33    43098814191.19
 _MAX_        Maximum Absolute Error                  81597.00          65532.90
 _FPE_        Final Prediction Error              243741524.68               .  
 _RFPE_       Root Final Prediction Error             15612.22               .  
 _AIC_        Akaike's Information Criterion           4209.92               .  
 _SBC_        Schwarz's Bayesian Criterion             4240.38               .  
 
                                                                                                                                                                                                                                                                
 
 
Assessment Score Rankings

Data Role=TRAIN Target Variable=SalePrice Target Label=SalePrice

           Number of        Mean         Mean
Depth    Observations      Target     Predicted

   5          13         100862.54     90873.27
  10           9          83447.11     87548.71
  15          11          82017.27     85169.63
  20          13          79864.69     81589.95
  25           9          84460.22     79852.37
  30          11          72180.36     78797.25
  35          11          80481.82     77638.46
  40          13          78780.46     76814.55
  45          11          87385.73     75909.34
  50           8          70435.50     75212.96
  55          11          68105.27     74276.07
  60          12          74628.33     73245.85
  65          13          71927.15     72706.25
  70           8          74588.88     71806.19
  75          11          64755.91     70922.95
  80          12          68896.42     70205.05
  85          14          70634.00     68682.27
  90           7          67781.29     67931.66
  95          11          67134.18     66778.44
 100          10          65625.00     65790.64


Data Role=VALIDATE Target Variable=SalePrice Target Label=SalePrice

           Number of       Mean         Mean
Depth    Observations     Target     Predicted

   5           8         89881.00     93890.50
  10           7         74415.43     87205.21
  15           7         68612.00     83027.47
  20           7         74592.00     79813.90
  25           8         76268.00     78473.15
  30           7         72429.43     78130.11
  35           7         58797.14     77430.10
  40           7         74783.00     77064.39
  45           8         74847.25     76460.48
  50           7         79408.43     75692.03
  55           7         78199.29     74129.76
  60           7         66375.57     73336.59
  65           9         69017.11     72725.91
  70           6         72354.83     72263.23
  75           7         70490.14     71466.96
  80           7         79521.14     70577.17
  85          11         70805.00     68986.68
  90           6         59255.00     67453.38
  95           6         64953.50     66314.68
 100           6         73726.67     65630.07
 
                                                                                                                                                                                                                                                                
 
 
Assessment Score Distribution

Data Role=TRAIN Target Variable=SalePrice Target Label=SalePrice

                             Mean         Mean        Number of       Model
 Range for Predicted        Target     Predicted    Observations      Score

97621.960 -  99399.800    100275.00     99399.80          1         98510.88
92288.440 -  94066.280    106821.00     93642.10          2         93177.36
90510.600 -  92288.440     91257.00     90579.60          1         91399.52
88732.760 -  90510.600     91434.80     89898.98          5         89621.68
86954.920 -  88732.760     92311.67     87978.14         12         87843.84
85177.080 -  86954.920     82538.71     86261.99          7         86066.00
83399.240 -  85177.080     94033.00     84503.83          3         84288.16
81621.400 -  83399.240     74829.88     82590.55          8         82510.32
79843.560 -  81621.400     81573.77     80466.15         13         80732.48
78065.720 -  79843.560     75841.28     78800.51         18         78954.64
76287.880 -  78065.720     80698.81     76960.00         21         77176.80
74510.040 -  76287.880     79564.90     75475.25         21         75398.96
72732.200 -  74510.040     70808.72     73445.05         25         73621.12
70954.360 -  72732.200     72495.79     72025.12         19         71843.28
69176.520 -  70954.360     67675.54     70271.78         24         70065.44
67398.680 -  69176.520     69309.29     68211.07         17         68287.60
65620.840 -  67398.680     67048.21     66541.13         19         66509.76
63843.000 -  65620.840     60405.00     64093.85          2         64731.92


Data Role=VALIDATE Target Variable=SalePrice Target Label=SalePrice

                             Mean         Mean        Number of       Model
  Range for Predicted       Target     Predicted    Observations      Score

98613.555 -  100383.600    77735.00     99891.70          2         99498.58
93303.420 -  95073.465     87631.50     94191.20          2         94188.44
89763.330 -  91533.375     97078.75     90739.55          4         90648.35
87993.285 -  89763.330     76009.50     88913.20          4         88878.31
84453.195 -  86223.240     77214.75     84891.63          4         85338.22
82683.150 -  84453.195     60693.25     83432.43          4         83568.17
80913.105 -  82683.150     72761.00     81339.90          2         81798.13
79143.060 -  80913.105     74702.33     79929.38          6         80028.08
77373.015 -  79143.060     73837.95     78201.59         20         78258.04
75602.970 -  77373.015     70081.59     76657.49         22         76487.99
73832.925 -  75602.970     80888.75     74726.75          8         74717.95
72062.880 -  73832.925     70100.88     72869.70         24         72947.90
70292.835 -  72062.880     75369.06     70941.49         16         71177.86
68522.790 -  70292.835     64248.00     69299.73          3         69407.81
66752.745 -  68522.790     65484.58     67909.97         12         67637.77
64982.700 -  66752.745     69340.08     65972.38         12         65867.72
