 
                                                                                                                                                                                                                                                                
 
 
Variable Summary

          Measurement    Frequency
 Role        Level         Count

INPUT      BINARY             1   
INPUT      INTERVAL          10   
INPUT      NOMINAL            5   
TARGET     INTERVAL           1   
 
                                                                                                                                                                                                                                                                
 
Class Variable Summary Statistics
(maximum 500 observations printed)

Data Role=TRAIN

                                  Number
Data     Variable                   of                            Mode                  Mode2
Role     Name            Role     Levels    Missing    Mode    Percentage    Mode2    Percentage

TRAIN    BasementType    INPUT       3         0        2        90.08         1         5.79   
TRAIN    CentralAir      INPUT       2         0        1        71.63         0        28.37   
TRAIN    GarageType      INPUT       6         0        2        81.82         0        11.57   
TRAIN    LotSize         INPUT       3         0        1        98.62         2         1.10   
TRAIN    Neighborhood    INPUT       2         0        1        54.27         2        45.73   
TRAIN    WallType        INPUT       3         0        2        57.58         1        36.64   
 
                                                                                                                                                                                                                                                                
 
Interval Variable Summary Statistics
(maximum 500 observations printed)

Data Role=TRAIN

                                          Standard          Non
Variable             Role         Mean    Deviation     Missing     Missing     Minimum      Median     Maximum    Skewness    Kurtosis

Age                 INPUT     47.10744    8.895776          363           0          -3          47          67     -1.3154     6.74258
Basement            INPUT     138.4986    283.7143          363           0          -1           0        1394     2.07639    3.671028
Baths               INPUT      1.62259    0.912308          363           0           1           1           6     1.38883    1.894041
ConstructionType    INPUT     1.347107    0.635646          363           0           1           1           3    1.627843    1.345176
FirePlace           INPUT     0.853994    0.424595          363           0           0           1           3    -0.62722    2.712356
FirstFloor          INPUT      1039.16    178.9672          363           0         588        1026        2130    1.313395    5.840239
GarageSize          INPUT     1.077135    0.550841          363           0           0           1           2    0.040149     0.24889
SecondFloor         INPUT     74.43526    240.8154          363           0           0           0        1316    3.093132    8.244554
TotalArea           INPUT     1406.264    316.8892          363           0         756        1379        2605    0.494225    0.167296
UpperArea           INPUT     292.6694    239.3437          363           0           0         360         913     0.02314    -1.10774
SalePrice           TARGET    74649.19    16943.75          363           0        5014       74357      135363    -0.24357    1.899053
 
                                                                                                                                                                                                                                                                
 
Correlation Statistics
(maximum 500 observations printed)

Data Role=TRAIN Type=PEARSON Target=SalePrice

Input               Correlation

TotalArea              0.24759 
ConstructionType       0.17939 
FirstFloor             0.16240 
FirePlace              0.13787 
GarageSize             0.11755 
UpperArea              0.11554 
Baths                  0.11145 
SecondFloor            0.09028 
Basement               0.07322 
Age                   -0.02365 
