 
                                                                                                                                                                                                                                                                
 
 
Fit Statistics

Target=SalePrice Target Label=SalePrice

   Fit
Statistics    Statistics Label                            Train        Validation

 _DFT_        Total Degrees of Freedom                   218.00               .  
 _DFE_        Degrees of Freedom for Error               139.00               .  
 _DFM_        Model Degrees of Freedom                    79.00               .  
 _NW_         Number of Estimated Weights                 79.00               .  
 _AIC_        Akaike's Information Criterion            4338.19               .  
 _SBC_        Schwarz's Bayesian Criterion              4605.56               .  
 _ASE_        Average Squared Error                212653051.49      290120505.93
 _MAX_        Maximum Absolute Error                   78798.34          63597.34
 _DIV_        Divisor for ASE                            218.00            145.00
 _NOBS_       Sum of Frequencies                         218.00            145.00
 _RASE_       Root Average Squared Error               14582.63          17032.92
 _SSE_        Sum of Squared Errors              46358365224.34    42067473360.21
 _SUMW_       Sum of Case Weights Times Freq             218.00            145.00
 _FPE_        Final Prediction Error               454373786.27               .  
 _MSE_        Mean Squared Error                   333513418.88      290120505.93
 _RFPE_       Root Final Prediction Error              21316.05               .  
 _RMSE_       Root Mean Squared Error                  18262.35          17032.92
 _AVERR_      Average Error Function               212653051.49      290120505.93
 _ERR_        Error Function                     46358365224.34    42067473360.21
 _MISC_       Misclassification Rate                        .                 .  
 _WRONG_      Number of Wrong Classifications               .                 .  
 
                                                                                                                                                                                                                                                                
 
 
Assessment Score Rankings

Data Role=TRAIN Target Variable=SalePrice Target Label=SalePrice

           Number of       Mean         Mean
Depth    Observations     Target     Predicted

   5          11         94945.36     84713.54
  10          11         86775.82     83946.81
  15          11         84251.82     83812.34
  20          11         92478.91     83768.99
  25          11         83981.82     82491.04
  30          11         84684.18     80063.17
  35          11         78504.00     79778.20
  40          11         75142.64     78205.86
  45          11         78554.64     76410.51
  50          10         73334.60     74141.08
  55          11         70177.91     72788.31
  60          11         74037.00     72221.38
  65          11         74997.55     71341.30
  70          11         71117.55     70600.53
  75          11         67064.91     68873.96
  80          11         66012.64     68386.63
  85          11         67245.82     68262.30
  90          11         67947.73     67344.18
  95          11         60217.00     67325.83
 100          10         67171.60     67324.98


Data Role=VALIDATE Target Variable=SalePrice Target Label=SalePrice

           Number of       Mean         Mean
Depth    Observations     Target     Predicted

   5          16         82699.69     84099.18
  15           6         79484.00     83812.34
  20           7         62999.57     83812.31
  25           8         74342.63     82518.74
  30           7         69128.29     80086.04
  35           7         78885.29     79797.28
  40           7         70997.00     76569.58
  45           8         79630.38     74938.10
  50           7         75121.00     73576.33
  55           7         66606.86     72517.77
  60           7         79310.57     71902.31
  65           8         78158.50     71123.84
  70           7         69817.43     69407.63
  75           7         56299.29     68460.36
  80           7         69729.43     68391.61
  85           8         68169.38     67861.47
  90           7         69811.71     67367.15
  95           7         64076.29     67327.17
 100           7         71585.57     67324.98
 
                                                                                                                                                                                                                                                                
 
 
Assessment Score Distribution

Data Role=TRAIN Target Variable=SalePrice Target Label=SalePrice

                            Mean         Mean        Number of       Model
 Range for Predicted       Target     Predicted    Observations      Score

83995.350 -  84872.738    94884.79     84626.07         14         84434.04
83117.962 -  83995.350    86314.00     83766.81         33         83556.66
82240.574 -  83117.962    88496.40     82806.67          5         82679.27
80485.799 -  81363.187    85841.00     80938.28          4         80924.49
79608.411 -  80485.799    79452.84     79937.82         19         80047.10
78731.023 -  79608.411    81958.25     79131.39          4         79169.72
77853.635 -  78731.023    73251.40     78494.93          5         78292.33
76976.248 -  77853.635    80268.33     77344.70          6         77414.94
76098.860 -  76976.248    76108.67     76686.62          6         76537.55
75221.472 -  76098.860    86411.50     75580.96          2         75660.17
74344.084 -  75221.472    77044.67     74759.41          3         74782.78
73466.696 -  74344.084    72168.63     74025.35          8         73905.39
72589.309 -  73466.696    67472.71     72965.39          7         73028.00
71711.921 -  72589.309    74270.33     72289.92         15         72150.61
70834.533 -  71711.921    75357.13     71298.52         16         71273.23
69957.145 -  70834.533    71132.00     70512.48          3         70395.84
69079.757 -  69957.145    62864.67     69535.92          6         69518.45
68202.370 -  69079.757    67093.44     68467.31         27         68641.06
67324.982 -  68202.370    65272.29     67388.15         35         67763.68


Data Role=VALIDATE Target Variable=SalePrice Target Label=SalePrice

                            Mean         Mean        Number of       Model
 Range for Predicted       Target     Predicted    Observations      Score

83995.350 -  84872.738    77924.00     84704.95          5         84434.04
83117.962 -  83995.350    76572.15     83791.72         27         83556.66
82240.574 -  83117.962    64044.00     82644.69          2         82679.27
81363.187 -  82240.574    75663.00     81972.02          1         81801.88
80485.799 -  81363.187    87509.00     81067.19          2         80924.49
79608.411 -  80485.799    73979.85     79988.14         13         80047.10
78731.023 -  79608.411    76165.00     79168.38          2         79169.72
76976.248 -  77853.635    50138.00     77757.35          1         77414.94
76098.860 -  76976.248    88019.00     76622.71          1         76537.55
75221.472 -  76098.860    77782.14     75562.22          7         75660.17
74344.084 -  75221.472    74683.40     74635.39          5         74782.78
73466.696 -  74344.084    79032.00     73806.11          4         73905.39
72589.309 -  73466.696    63242.17     73040.05          6         73028.00
71711.921 -  72589.309    79521.25     72246.16          8         72150.61
70834.533 -  71711.921    75443.80     71295.65         10         71273.23
69957.145 -  70834.533    73256.50     70572.71          2         70395.84
69079.757 -  69957.145    71252.50     69454.76          4         69518.45
68202.370 -  69079.757    63395.88     68450.60         17         68641.06
67324.982 -  68202.370    68988.86     67456.94         28         67763.68
