MPRINT(EM_DIAGRAM):    data _null_;
MPRINT(EM_DIAGRAM):   call symput('NLDATE', strip(put(date(), NLDATE.)));
MPRINT(EM_DIAGRAM):   call symput('NLTIME', strip(put(datetime(), NLTIME.)));
MPRINT(EM_DIAGRAM):   run;
MPRINT(EM_DIAGRAM):   data _null_;
MPRINT(EM_DIAGRAM):   nldate= sasmsg("sashelp.dmine", "log_date_note", 'N', "November 19, 2018" );
MPRINT(EM_DIAGRAM):   nltime= sasmsg("sashelp.dmine", "log_time_note", 'N', "23:47:09" );
MPRINT(EM_DIAGRAM):   put "*------------------------------------------------------------*";
MPRINT(EM_DIAGRAM):   put "* Training Log";
MPRINT(EM_DIAGRAM):   put nldate;
MPRINT(EM_DIAGRAM):   put nltime;
MPRINT(EM_DIAGRAM):   put "*------------------------------------------------------------*";
MPRINT(EM_DIAGRAM):   run;
*------------------------------------------------------------*
* Training Log
Date:                November 19, 2018
Time:                23:47:09
*------------------------------------------------------------*
MPRINT(EM_DIAGRAM):    filename O2ZBTP7C "J:\CIS-445-Project-4-master\CIS-445-Project-4-master\Project_4\Workspaces\EMWS1\Neural2\EMTRAIN.out" encoding="UTF-8" NOBOM;
MPRINT(EM_DIAGRAM):   proc printto print=O2ZBTP7C new;
MPRINT(EM_DIAGRAM):   run;
MPRINT(EM_DIAGRAM):    filename _LOG "J:\CIS-445-Project-4-master\CIS-445-Project-4-master\Project_4\Workspaces\EMWS1\Neural2\EMLOG.log" encoding="UTF-8" NOBOM;
MPRINT(EM_DIAGRAM):    data _null_;
MPRINT(EM_DIAGRAM):   call symput('NLDATE', strip(put(date(), NLDATE.)));
MPRINT(EM_DIAGRAM):   call symput('NLTIME', strip(put(datetime(), NLTIME.)));
MPRINT(EM_DIAGRAM):   run;
MPRINT(EM_DIAGRAM):   data _null_;
MPRINT(EM_DIAGRAM):   nldate= sasmsg("sashelp.dmine", "log_date_note", 'N', "November 19, 2018" );
MPRINT(EM_DIAGRAM):   nltime= sasmsg("sashelp.dmine", "log_time_note", 'N', "23:47:09" );
MPRINT(EM_DIAGRAM):   file _LOG;
MPRINT(EM_DIAGRAM):   put "*------------------------------------------------------------*";
MPRINT(EM_DIAGRAM):   put "User:                jmmorr01";
MPRINT(EM_DIAGRAM):   put nldate;
MPRINT(EM_DIAGRAM):   put nltime;
MPRINT(EM_DIAGRAM):   put "Site:                70080761";
MPRINT(EM_DIAGRAM):   put "Platform:            X64_8PRO";
MPRINT(EM_DIAGRAM):   put "Maintenance Release: 9.04.01M3P062415";
MPRINT(EM_DIAGRAM):   put "EM Version:          14.1";
MPRINT(EM_DIAGRAM):   put "* ";
MPRINT(EM_DIAGRAM):   run;
MPRINT(EM_DIAGRAM):    filename _LOGIN "J:\CIS-445-Project-4-master\CIS-445-Project-4-master\Project_4\Workspaces\EMWS1\Neural2\EMTRAIN.log" encoding="UTF-8" NOBOM;
MPRINT(EM_COPYFILE):   data _null_;
MPRINT(EM_COPYFILE):   length line $20000;
MPRINT(EM_COPYFILE):   file _LOG MOD lrecl=20000;
MPRINT(EM_COPYFILE):   fid=fopen("_LOGIN",'i',20000,'v');
MPRINT(EM_COPYFILE):   if fid > 0 then do;
MPRINT(EM_COPYFILE):   do while(^fread(fid));
MPRINT(EM_COPYFILE):   rlen = frlen(fid);
MPRINT(EM_COPYFILE):   rc= fget(fid,line,20000);
MPRINT(EM_COPYFILE):   start = length(line)-length(left(line))+1;
MPRINT(EM_COPYFILE):   line=strip(line);
MPRINT(EM_COPYFILE):   put @start line;
MPRINT(EM_COPYFILE):   end;
MPRINT(EM_COPYFILE):   if fid > 0 then rc=fclose(fid);
MPRINT(EM_COPYFILE):   end;
MPRINT(EM_COPYFILE):   run;
MPRINT(EM_DIAGRAM):  ;
MPRINT(EM_DIAGRAM):   filename _LOGIN;
MPRINT(EM_DIAGRAM):    data _null_;
MPRINT(EM_DIAGRAM):   file _LOG mod;
MPRINT(EM_DIAGRAM):   put _page_;
MPRINT(EM_DIAGRAM):   run;
MPRINT(EM_DIAGRAM):   filename _LOGIN "J:\CIS-445-Project-4-master\CIS-445-Project-4-master\Project_4\Workspaces\EMWS1\Neural2\EMSCORE.log" encoding="UTF-8" NOBOM;
MPRINT(EM_DIAGRAM):  ;
MPRINT(EM_DIAGRAM):   data _null_;
MPRINT(EM_DIAGRAM):   file _LOG mod;
MPRINT(EM_DIAGRAM):   put _page_;
MPRINT(EM_DIAGRAM):   run;
MPRINT(EM_DIAGRAM):    filename _LOGIN "J:\CIS-445-Project-4-master\CIS-445-Project-4-master\Project_4\Workspaces\EMWS1\Neural2\EMREPORT.log" encoding="UTF-8" NOBOM;
MPRINT(EM_DIAGRAM):  ;
MPRINT(EM_DIAGRAM):   filename _LOGIN;
MPRINT(EM_DIAGRAM):    filename _LOG;
MPRINT(EM_DIAGRAM):    filename _OUT "J:\CIS-445-Project-4-master\CIS-445-Project-4-master\Project_4\Workspaces\EMWS1\Neural2\EMOUTPUT.out" encoding="UTF-8" NOBOM;
MPRINT(EM_DIAGRAM):    data _null_;
MPRINT(EM_DIAGRAM):   call symput('NLDATE', strip(put(date(), NLDATE.)));
MPRINT(EM_DIAGRAM):   call symput('NLTIME', strip(put(datetime(), NLTIME.)));
MPRINT(EM_DIAGRAM):   run;
MPRINT(EM_DIAGRAM):   data _null_;
MPRINT(EM_DIAGRAM):   nldate= sasmsg("sashelp.dmine", "log_date_note", 'N', "November 19, 2018" );
MPRINT(EM_DIAGRAM):   nltime= sasmsg("sashelp.dmine", "log_time_note", 'N', "23:47:09" );
MPRINT(EM_DIAGRAM):   file _OUT;
MPRINT(EM_DIAGRAM):   put "*------------------------------------------------------------*";
MPRINT(EM_DIAGRAM):   put "User:                jmmorr01";
MPRINT(EM_DIAGRAM):   put nldate;
MPRINT(EM_DIAGRAM):   put nltime;
MPRINT(EM_DIAGRAM):   put "*------------------------------------------------------------*";
MPRINT(EM_DIAGRAM):   put "* Training Output";
MPRINT(EM_DIAGRAM):   put "*------------------------------------------------------------*";
MPRINT(EM_DIAGRAM):   run;
MPRINT(EM_DIAGRAM):    filename _OUTIN "J:\CIS-445-Project-4-master\CIS-445-Project-4-master\Project_4\Workspaces\EMWS1\Neural2\EMTRAIN.out" encoding="UTF-8" NOBOM;
MPRINT(EM_DIAGRAM):   ;
MPRINT(EM_COPYFILE):   data _null_;
MPRINT(EM_COPYFILE):   length line $20000;
MPRINT(EM_COPYFILE):   file _OUT MOD lrecl=20000;
MPRINT(EM_COPYFILE):   fid=fopen("_OUTIN",'i',20000,'v');
MPRINT(EM_COPYFILE):   if fid > 0 then do;
MPRINT(EM_COPYFILE):   do while(^fread(fid));
MPRINT(EM_COPYFILE):   rlen = frlen(fid);
MPRINT(EM_COPYFILE):   rc= fget(fid,line,20000);
MPRINT(EM_COPYFILE):   start = length(line)-length(left(line))+1;
MPRINT(EM_COPYFILE):   line=strip(line);
MPRINT(EM_COPYFILE):   put @start line;
MPRINT(EM_COPYFILE):   end;
MPRINT(EM_COPYFILE):   if fid > 0 then rc=fclose(fid);
MPRINT(EM_COPYFILE):   end;
MPRINT(EM_COPYFILE):   run;
MPRINT(EM_DIAGRAM):  ;
MPRINT(EM_DIAGRAM):   filename _OUTIN;
MPRINT(EM_DIAGRAM):    data _null_;
MPRINT(EM_DIAGRAM):   file _OUT mod;
MPRINT(EM_DIAGRAM):   put _page_;
MPRINT(EM_DIAGRAM):   put // "*------------------------------------------------------------*";
MPRINT(EM_DIAGRAM):   put "* Score Output";
MPRINT(EM_DIAGRAM):   put "*------------------------------------------------------------*";
MPRINT(EM_DIAGRAM):   run;
MPRINT(EM_DIAGRAM):    filename _OUTIN "J:\CIS-445-Project-4-master\CIS-445-Project-4-master\Project_4\Workspaces\EMWS1\Neural2\EMSCORE.out" encoding="UTF-8" NOBOM;
MPRINT(EM_DIAGRAM):  ;
MPRINT(EM_DIAGRAM):   filename _OUTIN;
MPRINT(EM_DIAGRAM):    data _null_;
MPRINT(EM_DIAGRAM):   file _OUT mod;
MPRINT(EM_DIAGRAM):   put _page_;
MPRINT(EM_DIAGRAM):   put // "*------------------------------------------------------------*";
MPRINT(EM_DIAGRAM):   put "* Report Output";
MPRINT(EM_DIAGRAM):   put "*------------------------------------------------------------*";
MPRINT(EM_DIAGRAM):   run;
MPRINT(EM_DIAGRAM):    filename _OUTIN "J:\CIS-445-Project-4-master\CIS-445-Project-4-master\Project_4\Workspaces\EMWS1\Neural2\EMREPORT.out" encoding="UTF-8" NOBOM;
MPRINT(EM_DIAGRAM):  ;
MPRINT(EM_DIAGRAM):   filename _OUTIN;
MPRINT(EM_DIAGRAM):    filename _OUT;
MPRINT(EM_DIAGRAM):    filename _emtool_ 'J:\CIS-445-Project-4-master\CIS-445-Project-4-master\Project_4\Workspaces\EMWS1\Neural2\EMRUNSTATUS.xml' encoding="UTF-8" NOBOM;
65432      proc freq data=EMWS1.Neural2_VariableSet noprint;
MPRINT(EM_DIAGRAM):    proc freq data=EMWS1.Neural2_VariableSet noprint;
65433      table ROLE*LEVEL/out=WORK.Neural2META;
MPRINT(EM_DIAGRAM):   table ROLE*LEVEL/out=WORK.Neural2META;
65434      run;
MPRINT(EM_DIAGRAM):   run;

NOTE: There were 17 observations read from the data set EMWS1.NEURAL2_VARIABLESET.
NOTE: The data set WORK.NEURAL2META has 4 observations and 4 variables.
NOTE: PROCEDURE FREQ used (Total process time):
      real time           0.07 seconds
      cpu time            0.03 seconds
      

65435      proc print data=WORK.Neural2META label noobs;
MPRINT(EM_DIAGRAM):   proc print data=WORK.Neural2META label noobs;
65436      var ROLE LEVEL COUNT;
MPRINT(EM_DIAGRAM):   var ROLE LEVEL COUNT;
65437      label ROLE = "%sysfunc(sasmsg(sashelp.dmine, meta_role_vlabel, NOQUOTE))" LEVEL = "%sysfunc(sasmsg(sashelp.dmine, meta_level_vlabel, NOQUOTE))" COUNT = "%sysfunc(sasmsg(sashelp.dmine, rpt_count_vlabel, NOQUOTE))";
MPRINT(EM_DIAGRAM):   label ROLE = "Role" LEVEL = "Measurement Level" COUNT = "Frequency Count";
65438      title9 ' ';
MPRINT(EM_DIAGRAM):   title9 ' ';
65439      title10 "%sysfunc(sasmsg(sashelp.dmine, rpt_varSummary_title  , NOQUOTE))";
MPRINT(EM_DIAGRAM):   title10 "Variable Summary";
MPRINT(EM_DIAGRAM):   run;
65440      run;

NOTE: There were 4 observations read from the data set WORK.NEURAL2META.
NOTE: The PROCEDURE PRINT printed page 18.
NOTE: PROCEDURE PRINT used (Total process time):
      real time           0.01 seconds
      cpu time            0.01 seconds
      

65441      title10;
MPRINT(EM_DIAGRAM):   title10;
65442      %let EMNORLEN = %DMNORLEN;
MPRINT(EM_DIAGRAM):   
EMWS1.Part_TRAIN EMWS1.Part_TRAIN 
EMWS1.Part_TRAIN EMWS1.Part_TRAIN EMWS1 Part_TRAIN 
EMWS1.Part_TRAIN EMWS1.Part_TRAIN 
EMWS1.Part_TRAIN EMWS1.Part_TRAIN EMWS1 Part_TRAIN 
>>>>>>>>>>>>>> TARGET(   NAME='SalePrice' 
                         ROLE='TARGET' 
                         LEVEL='INTERVAL' 
                         ORDER='' 
                         CREATOR='' 
                         FORMATTYPE='QUANTITY' 
                         FAMILY='' 
                         LOWERLIMIT=. 
                         UPPERLIMIT=. 
                         REPORT='N' 
                         DISTRIBUTION='' 
                         COMMENT='' 
                         PRICE=. 
                         TYPE='N' 
                         LABEL='SalePrice' 
                         FORMAT='BEST.' 
                         INFORMAT='' 
                         INDEX='N' 
                         INDEXTYPE='NONE' 
                         LENGTH=8 
                         USE='Y' 
                      )[25791] 
MPRINT(EM_DIAGRAM):   
MPRINT(HPDM_PERFORMANCE):  ;
PERFORMANCE  DETAILS
MPRINT(EM_DIAGRAM):  ;
MPRINT(EM_DIAGRAM):    *------------------------------------------------------------* ;
MPRINT(EM_DIAGRAM):   * EM: DMDBClass Macro ;
MPRINT(EM_DIAGRAM):   *------------------------------------------------------------* ;
MPRINT(EM_DIAGRAM):   *------------------------------------------------------------* ;
MPRINT(EM_DIAGRAM):   * EM: DMDBVar Macro ;
MPRINT(EM_DIAGRAM):   *------------------------------------------------------------* ;
MPRINT(EM_DIAGRAM):   *------------------------------------------------------------*;
MPRINT(EM_DIAGRAM):   * EM: Create DMDB;
MPRINT(EM_DIAGRAM):   *------------------------------------------------------------*;
MPRINT(EM_DIAGRAM):   proc dmdb batch data=EMWS1.Part_TRAIN dmdbcat=WORK.EM_DMDB maxlevel = 513 ;
MPRINT(EM_DIAGRAM):   var
MPRINT(DMDBVAR):   SalePrice
MPRINT(EM_DIAGRAM):  ;
MPRINT(EM_DIAGRAM):   target SalePrice ;
MPRINT(EM_DIAGRAM):   run;
MPRINT(EM_DIAGRAM):   quit;
MPRINT(EM_DIAGRAM):   *--- end code ---*;
WORK.EM_DMDB WORK.EM_DMDB 
WORK.EM_DMDB WORK.EM_DMDB WORK EM_DMDB 
MPRINT(EM_DIAGRAM):    proc datasets lib=EMWS1 nolist;
MPRINT(EM_DIAGRAM):   modify Neural2_SalePrice_DD(type=PROFIT label= SalePrice);
MPRINT(EM_DIAGRAM):   run;
MPRINT(EM_DIAGRAM):   quit;
MPRINT(EM_DIAGRAM):    *------------------------------------------------------------*;
MPRINT(EM_DIAGRAM):   * Neural2: Determine decision variables for SalePrice;
MPRINT(EM_DIAGRAM):   *------------------------------------------------------------*;
MPRINT(EM_DIAGRAM):   data WORK.Neural2_SCORE;
MPRINT(EM_DIAGRAM):   set EMWS1.Part_TRAIN;
MPRINT(EM_DIAGRAM):   keep SalePrice;
MPRINT(EM_DIAGRAM):   keep 'P_SalePrice'n;
MPRINT(EM_DIAGRAM):   'P_SalePrice'n = 0.5;
MPRINT(EM_DIAGRAM):   if _N_=1 then do;
MPRINT(EM_DIAGRAM):   output;
MPRINT(EM_DIAGRAM):   stop;
MPRINT(EM_DIAGRAM):   end;
MPRINT(EM_DIAGRAM):   run;
MPRINT(EM_DIAGRAM):    data EMWS1.Neural2_SalePrice_DM;
MPRINT(EM_DIAGRAM):   set EMWS1.Neural2_SalePrice_DM;
MPRINT(EM_DIAGRAM):   where _TYPE_ ^in('FREQ', 'BESTPROFIT', 'COMPUTEDPROFIT', 'EXPECTEDPROFIT', 'BESTLOSS', 'COMPUTEDLOSS', 'EXPECTEDLOSS', 'ROI', 'INVESTMENTCOST', 'MODELDECISION');
MPRINT(EM_DIAGRAM):   run;
MPRINT(EM_DIAGRAM):    proc datasets lib=work nolist;
MPRINT(EM_DIAGRAM):   modify SalePrice(type=PROFIT label= SalePrice);
MPRINT(EM_DIAGRAM):   run;
MPRINT(EM_DIAGRAM):   quit;
MPRINT(EM_DIAGRAM):    data EMWS1.Neural2_SalePrice_DM;
MPRINT(EM_DIAGRAM):   set EMWS1.Neural2_SalePrice_DM end=eof;
MPRINT(EM_DIAGRAM):   output;
MPRINT(EM_DIAGRAM):   if eof then do;
MPRINT(EM_DIAGRAM):   end;
MPRINT(EM_DIAGRAM):   run;
"No decisions defined for target "SalePrice"." 
65503      proc print data = EMWS1.Neural2_SalePrice_DM noobs label;
MPRINT(EM_DIAGRAM):    proc print data = EMWS1.Neural2_SalePrice_DM noobs label;
65504      var _type_ variable label;
MPRINT(EM_DIAGRAM):   var _type_ variable label;
65505      where _type_ ^in('MATRIX', 'DECISION', 'TRAINPRIOR', 'DATAPRIOR', 'DECPRIOR');
MPRINT(EM_DIAGRAM):   where _type_ ^in('MATRIX', 'DECISION', 'TRAINPRIOR', 'DATAPRIOR', 'DECPRIOR');
65506      label _TYPE_ = "%sysfunc(sasmsg(sashelp.dmine, rpt_type_vlabel,     NOQUOTE))" VARIABLE = "%sysfunc(sasmsg(sashelp.dmine, rpt_variable_vlabel, NOQUOTE))" LABEL = "%sysfunc(sasmsg(sashelp.dmine, meta_label_vlabel, NOQUOTE))";
MPRINT(EM_DIAGRAM):   label _TYPE_ = "Type" VARIABLE = "Variable" LABEL = "Label";
65507      title9 ' ';
MPRINT(EM_DIAGRAM):   title9 ' ';
65508      title10 "%sysfunc(sasmsg(sashelp.dmine, rpt_predDecVars_title  , NOQUOTE))";
MPRINT(EM_DIAGRAM):   title10 "Predicted and decision variables";
MPRINT(EM_DIAGRAM):   run;
65509      run;

NOTE: There were 3 observations read from the data set EMWS1.NEURAL2_SALEPRICE_DM.
      WHERE _type_ not in ('DATAPRIOR', 'DECISION', 'DECPRIOR', 'MATRIX', 'TRAINPRIOR');
NOTE: The PROCEDURE PRINT printed page 19.
NOTE: PROCEDURE PRINT used (Total process time):
      real time           0.03 seconds
      cpu time            0.03 seconds
      

65510      title10;
MPRINT(EM_DIAGRAM):   title10;
MPRINT(EM_DIAGRAM):    *------------------------------------------------------------*;
MPRINT(EM_DIAGRAM):   * Neural2: Preparing metadata for training;
MPRINT(EM_DIAGRAM):   ;
MPRINT(EM_DIAGRAM):   *------------------------------------------------------------*;
MPRINT(EM_DIAGRAM):   data WORK.M2G5UD1C;
MPRINT(EM_DIAGRAM):   set WORK.M2G5UD1C;
MPRINT(EM_DIAGRAM):   where(use = 'Y' or (role = 'INPUT' and use = 'D'));
MPRINT(EM_DIAGRAM):   if (role = 'REJECTED') then role = 'INPUT';
MPRINT(EM_DIAGRAM):   run;
NOTE: There were 3 observations read from the data set EMWS1.NEURAL2_SALEPRICE_DD.
NOTE: The data set WORK.SALEPRICE has 3 observations and 1 variables.
NOTE: There were 3 observations read from the data set EMWS1.NEURAL2_SALEPRICE_DD.
NOTE: The data set WORK.SALEPRICE has 3 observations and 1 variables.
65520      *------------------------------------------------------------*;
MPRINT(EM_DIAGRAM):    *------------------------------------------------------------*;
65521      * Neural2: Create decision matrix;
MPRINT(EM_DIAGRAM):   * Neural2: Create decision matrix;
65522      *------------------------------------------------------------*;
MPRINT(EM_DIAGRAM):   *------------------------------------------------------------*;
65523      data WORK.SalePrice(label="SalePrice");
MPRINT(EM_DIAGRAM):   data WORK.SalePrice(label="SalePrice");
65524        length   SalePrice                            8
65525                 ;
MPRINT(EM_DIAGRAM):   length SalePrice 8 ;
65526      
65527        label    SalePrice="SalePrice"
65528                 ;
MPRINT(EM_DIAGRAM):   label SalePrice= "SalePrice" ;
65529       SalePrice=5014;
MPRINT(EM_DIAGRAM):   SalePrice=5014;
65530      output;
MPRINT(EM_DIAGRAM):   output;
65531       SalePrice=135363;
MPRINT(EM_DIAGRAM):   SalePrice=135363;
65532      output;
MPRINT(EM_DIAGRAM):   output;
65533       SalePrice=75984.2752293578;
MPRINT(EM_DIAGRAM):   SalePrice=75984.2752293578;
65534      output;
MPRINT(EM_DIAGRAM):   output;
65535      ;
MPRINT(EM_DIAGRAM):   ;
65536      run;
MPRINT(EM_DIAGRAM):   run;

NOTE: The data set WORK.SALEPRICE has 3 observations and 1 variables.
NOTE: DATA statement used (Total process time):
      real time           0.01 seconds
      cpu time            0.01 seconds
      

65537      proc datasets lib=work nolist;
MPRINT(EM_DIAGRAM):   proc datasets lib=work nolist;
65538      modify SalePrice(type=PROFIT label=SalePrice);
MPRINT(EM_DIAGRAM):   modify SalePrice(type=PROFIT label= SalePrice);
MPRINT(EM_DIAGRAM):   run;
65539      run;

NOTE: MODIFY was successful for WORK.SALEPRICE.DATA.
65540      quit;
MPRINT(EM_DIAGRAM):   quit;

NOTE: PROCEDURE DATASETS used (Total process time):
      real time           0.03 seconds
      cpu time            0.03 seconds
      

65541      data EM_Neural2;
MPRINT(EM_DIAGRAM):   data EM_Neural2;
65542      set EMWS1.Part_TRAIN(keep=
65543      Age Basement BasementType Baths CentralAir ConstructionType FirePlace
65544      FirstFloor GarageSize GarageType LotSize Neighborhood SalePrice SecondFloor
65545      TotalArea UpperArea WallType);
MPRINT(EM_DIAGRAM):   set EMWS1.Part_TRAIN(keep= Age Basement BasementType Baths CentralAir ConstructionType FirePlace FirstFloor GarageSize GarageType LotSize Neighborhood SalePrice SecondFloor TotalArea UpperArea WallType);
65546      run;
MPRINT(EM_DIAGRAM):   run;

NOTE: There were 218 observations read from the data set EMWS1.PART_TRAIN.
NOTE: The data set WORK.EM_NEURAL2 has 218 observations and 17 variables.
NOTE: DATA statement used (Total process time):
      real time           0.03 seconds
      cpu time            0.03 seconds
      

MPRINT(EM_DIAGRAM):   *------------------------------------------------------------* ;
MPRINT(EM_DIAGRAM):   * Neural2: DMDBClass Macro ;
MPRINT(EM_DIAGRAM):   *------------------------------------------------------------* ;
65547      *------------------------------------------------------------* ;
65548      * Neural2: DMDBClass Macro ;
65549      *------------------------------------------------------------* ;
65550      %macro DMDBClass;
65551          BasementType(ASC) CentralAir(ASC) ConstructionType(ASC) GarageType(ASC)
65552         LotSize(ASC) Neighborhood(ASC) WallType(ASC)
65553      %mend DMDBClass;
65554      *------------------------------------------------------------* ;
MPRINT(EM_DIAGRAM):   *------------------------------------------------------------* ;
65555      * Neural2: DMDBVar Macro ;
MPRINT(EM_DIAGRAM):   * Neural2: DMDBVar Macro ;
65556      *------------------------------------------------------------* ;
MPRINT(EM_DIAGRAM):   *------------------------------------------------------------* ;
65557      %macro DMDBVar;
65558          Age Basement Baths FirePlace FirstFloor GarageSize SalePrice SecondFloor
65559         TotalArea UpperArea
65560      %mend DMDBVar;
65561      *------------------------------------------------------------*;
MPRINT(EM_DIAGRAM):   *------------------------------------------------------------*;
65562      * Neural2: Create DMDB;
MPRINT(EM_DIAGRAM):   * Neural2: Create DMDB;
65563      *------------------------------------------------------------*;
MPRINT(EM_DIAGRAM):   *------------------------------------------------------------*;
65564      proc dmdb batch data=WORK.EM_Neural2
65565      dmdbcat=WORK.Neural2_DMDB
65566      maxlevel = 513
65567      ;
MPRINT(EM_DIAGRAM):   proc dmdb batch data=WORK.EM_Neural2 dmdbcat=WORK.Neural2_DMDB maxlevel = 513 ;
MPRINT(EM_DIAGRAM):   class
65568      class %DMDBClass;
MPRINT(DMDBCLASS):   BasementType(ASC) CentralAir(ASC) ConstructionType(ASC) GarageType(ASC) LotSize(ASC) Neighborhood(ASC) WallType(ASC)
MPRINT(EM_DIAGRAM):  ;
MPRINT(EM_DIAGRAM):   var
65569      var %DMDBVar;
MPRINT(DMDBVAR):   Age Basement Baths FirePlace FirstFloor GarageSize SalePrice SecondFloor TotalArea UpperArea
MPRINT(EM_DIAGRAM):  ;
65570      target
65571      SalePrice
65572      ;
MPRINT(EM_DIAGRAM):   target SalePrice ;
65573      run;
MPRINT(EM_DIAGRAM):   run;

NOTE: Records processed = 218   Memory used = 511K.
NOTE: There were 218 observations read from the data set WORK.EM_NEURAL2.
NOTE: PROCEDURE DMDB used (Total process time):
      real time           0.01 seconds
      cpu time            0.00 seconds
      

MPRINT(EM_DIAGRAM):   quit;
MPRINT(EM_DIAGRAM):   *--- end code ---*;
65574      quit;
65575      *--- end code ---*;

65576      *------------------------------------------------------------* ;
MPRINT(EM_DIAGRAM):    *------------------------------------------------------------* ;
65577      * Neural2: Interval Input Variables Macro ;
MPRINT(EM_DIAGRAM):   * Neural2: Interval Input Variables Macro ;
65578      *------------------------------------------------------------* ;
MPRINT(EM_DIAGRAM):   *------------------------------------------------------------* ;
65579      %macro INTINPUTS;
65580          Age Basement Baths FirePlace FirstFloor GarageSize SecondFloor TotalArea
65581         UpperArea
65582      %mend INTINPUTS;
65583      *------------------------------------------------------------* ;
MPRINT(EM_DIAGRAM):   *------------------------------------------------------------* ;
65584      * Neural2: Binary Inputs Macro ;
MPRINT(EM_DIAGRAM):   * Neural2: Binary Inputs Macro ;
65585      *------------------------------------------------------------* ;
MPRINT(EM_DIAGRAM):   *------------------------------------------------------------* ;
65586      %macro BININPUTS;
65587          CentralAir
65588      %mend BININPUTS;
65589      *------------------------------------------------------------* ;
MPRINT(EM_DIAGRAM):   *------------------------------------------------------------* ;
65590      * Neural2: Nominal Inputs Macro ;
MPRINT(EM_DIAGRAM):   * Neural2: Nominal Inputs Macro ;
65591      *------------------------------------------------------------* ;
MPRINT(EM_DIAGRAM):   *------------------------------------------------------------* ;
65592      %macro NOMINPUTS;
65593          BasementType ConstructionType GarageType LotSize Neighborhood WallType
65594      %mend NOMINPUTS;
65595      *------------------------------------------------------------* ;
MPRINT(EM_DIAGRAM):   *------------------------------------------------------------* ;
65596      * Neural2: Ordinal Inputs Macro ;
MPRINT(EM_DIAGRAM):   * Neural2: Ordinal Inputs Macro ;
65597      *------------------------------------------------------------* ;
MPRINT(EM_DIAGRAM):   *------------------------------------------------------------* ;
65598      %macro ORDINPUTS;
65599      
65600      %mend ORDINPUTS;
65601      *------------------------------------------------------------*;
MPRINT(EM_DIAGRAM):   *------------------------------------------------------------*;
65602      * Neural Network Training;
MPRINT(EM_DIAGRAM):   * Neural Network Training;
65603      ;
MPRINT(EM_DIAGRAM):   ;
65604      *------------------------------------------------------------*;
MPRINT(EM_DIAGRAM):   *------------------------------------------------------------*;
65605      proc neural data=EM_Neural2 dmdbcat=WORK.Neural2_DMDB
65606      validdata = EMWS1.Part_VALIDATE
65607      random=12345
65608      ;
MPRINT(EM_DIAGRAM):   proc neural data=EM_Neural2 dmdbcat=WORK.Neural2_DMDB validdata = EMWS1.Part_VALIDATE random=12345 ;
65609      nloptions
65610      ;
MPRINT(EM_DIAGRAM):   nloptions ;
65611      performance alldetails noutilfile;
MPRINT(EM_DIAGRAM):   performance alldetails noutilfile;
65612      netopts
65613      decay=0;
MPRINT(EM_DIAGRAM):   netopts decay=0;
MPRINT(EM_DIAGRAM):   input
65614      input %INTINPUTS / level=interval id=intvl
MPRINT(INTINPUTS):   Age Basement Baths FirePlace FirstFloor GarageSize SecondFloor TotalArea UpperArea
65615      ;
MPRINT(EM_DIAGRAM):   / level=interval id=intvl ;
MPRINT(EM_DIAGRAM):   input
65616      input %BININPUTS / level=nominal id=bin
MPRINT(BININPUTS):   CentralAir
65617      ;
MPRINT(EM_DIAGRAM):   / level=nominal id=bin ;
MPRINT(EM_DIAGRAM):   input
65618      input %NOMINPUTS / level=nominal id=nom
MPRINT(NOMINPUTS):   BasementType ConstructionType GarageType LotSize Neighborhood WallType
65619      ;
MPRINT(EM_DIAGRAM):   / level=nominal id=nom ;
65620      target
65621      SalePrice
65622      / level=interval id=intervalTargets
65623      bias
65624      ;
MPRINT(EM_DIAGRAM):   target SalePrice / level=interval id=intervalTargets bias ;
65625      arch MLP
65626      Hidden=3
65627      ;
MPRINT(EM_DIAGRAM):   arch MLP Hidden=3 ;
65628      Prelim 5 preiter=10
65629      pretime=3600
65630      Outest=EMWS1.Neural2_PRELIM_OUTEST
65631      ;
MPRINT(EM_DIAGRAM):   Prelim 5 preiter=10 pretime=3600 Outest=EMWS1.Neural2_PRELIM_OUTEST ;
NOTE:  Synchronizing the objectives and the Solution.
NOTE: LEVMAR Optimization cannot be completed.
NOTE: LEVMAR needs more than 10 iterations or 2147483647 function calls.
NOTE: LEVMAR Optimization cannot be completed.
NOTE: LEVMAR needs more than 10 iterations or 2147483647 function calls.
NOTE: LEVMAR Optimization cannot be completed.
NOTE: LEVMAR needs more than 10 iterations or 2147483647 function calls.
NOTE: LEVMAR Optimization cannot be completed.
NOTE: LEVMAR needs more than 10 iterations or 2147483647 function calls.
NOTE: LEVMAR Optimization cannot be completed.
NOTE: LEVMAR needs more than 10 iterations or 2147483647 function calls.
NOTE: The data set EMWS1.NEURAL2_PRELIM_OUTEST has 11 observations and 94 variables.
65632      save network=EMWS1.Neural2_NETWORK.dm_neural;
MPRINT(EM_DIAGRAM):   save network=EMWS1.Neural2_NETWORK.dm_neural;
NOTE: Entry EMWS1.NEURAL2_NETWORK.DM_NEURAL has been opened.
NOTE: Entry EMWS1.NEURAL2_NETWORK.DM_NEURAL has been closed.
65633      train Maxiter=50
65634      maxtime=14400
65635      Outest=EMWS1.Neural2_outest estiter=1
65636      Outfit=EMWS1.Neural2_OUTFIT
65637      ;
MPRINT(EM_DIAGRAM):   train Maxiter=50 maxtime=14400 Outest=EMWS1.Neural2_outest estiter=1 Outfit=EMWS1.Neural2_OUTFIT ;
NOTE: Convergence criterion (FCONV=0.0001) satisfied.
NOTE: At least one element of the gradient is greater than 1e-3.
NOTE: The data set EMWS1.NEURAL2_OUTEST has 120 observations and 94 variables.
NOTE: The data set EMWS1.NEURAL2_OUTFIT has 80 observations and 36 variables.
65638      run;
MPRINT(EM_DIAGRAM):   run;

NOTE: The data set WORK.EM_NEURAL2 has 218 observations and 17 variables.
NOTE: The data set EMWS1.PART_VALIDATE has 145 observations and 18 variables.
NOTE: Closing the Neural Application.
NOTE: The PROCEDURE NEURAL printed pages 20-23.
NOTE: PROCEDURE NEURAL used (Total process time):
      real time           0.82 seconds
      cpu time            0.43 seconds
      

MPRINT(EM_DIAGRAM):   quit;
65639      quit;

65640      proc sort data=EMWS1.Neural2_OUTFIT(where=(_iter_ ne . and _NAME_="OVERALL")) out=fit_Neural2;
MPRINT(EM_DIAGRAM):    proc sort data=EMWS1.Neural2_OUTFIT(where=(_iter_ ne . and _NAME_="OVERALL")) out=fit_Neural2;
65641      by _VAVERR_;
MPRINT(EM_DIAGRAM):   by _VAVERR_;
65642      run;
MPRINT(EM_DIAGRAM):   run;

NOTE: There were 40 observations read from the data set EMWS1.NEURAL2_OUTFIT.
      WHERE (_iter_ not = .) and (_NAME_='OVERALL');
NOTE: The data set WORK.FIT_NEURAL2 has 40 observations and 36 variables.
NOTE: PROCEDURE SORT used (Total process time):
      real time           0.03 seconds
      cpu time            0.01 seconds
      

65643      %GLOBAL ITER;
65644      data _null_;
MPRINT(EM_DIAGRAM):   data _null_;
65645      set fit_Neural2(obs=1);
MPRINT(EM_DIAGRAM):   set fit_Neural2(obs=1);
65646      call symput('ITER',put(_ITER_, 6.));
MPRINT(EM_DIAGRAM):   call symput('ITER',put(_ITER_, 6.));
65647      run;
MPRINT(EM_DIAGRAM):   run;

NOTE: There were 1 observations read from the data set WORK.FIT_NEURAL2.
NOTE: DATA statement used (Total process time):
      real time           0.01 seconds
      cpu time            0.01 seconds
      

65648      data EMWS1.Neural2_INITIAL;
MPRINT(EM_DIAGRAM):   data EMWS1.Neural2_INITIAL;
65649      set EMWS1.Neural2_outest(where=(_ITER_ eq &ITER and _OBJ_ ne .));
MPRINT(EM_DIAGRAM):   set EMWS1.Neural2_outest(where=(_ITER_ eq 0 and _OBJ_ ne .));
65650      run;
MPRINT(EM_DIAGRAM):   run;

NOTE: There were 1 observations read from the data set EMWS1.NEURAL2_OUTEST.
      WHERE (_ITER_=0) and (_OBJ_ not = .);
NOTE: The data set EMWS1.NEURAL2_INITIAL has 1 observations and 94 variables.
NOTE: DATA statement used (Total process time):
      real time           0.11 seconds
      cpu time            0.03 seconds
      

65651      *------------------------------------------------------------*;
MPRINT(EM_DIAGRAM):    *------------------------------------------------------------*;
65652      * Neural Network Model Selection;
MPRINT(EM_DIAGRAM):   * Neural Network Model Selection;
65653      ;
MPRINT(EM_DIAGRAM):   ;
65654      *------------------------------------------------------------*;
MPRINT(EM_DIAGRAM):   *------------------------------------------------------------*;
65655      proc neural data=EM_Neural2 dmdbcat=WORK.Neural2_DMDB
65656      validdata = EMWS1.Part_VALIDATE
65657      network = EMWS1.Neural2_NETWORK.dm_neural
65658      random=12345
65659      ;
MPRINT(EM_DIAGRAM):   proc neural data=EM_Neural2 dmdbcat=WORK.Neural2_DMDB validdata = EMWS1.Part_VALIDATE network = EMWS1.Neural2_NETWORK.dm_neural random=12345 ;
NOTE: Entry EMWS1.NEURAL2_NETWORK.DM_NEURAL has been opened.
NOTE: Entry EMWS1.NEURAL2_NETWORK.DM_NEURAL has been closed.
65660      nloptions noprint;
MPRINT(EM_DIAGRAM):   nloptions noprint;
65661      performance alldetails noutilfile;
MPRINT(EM_DIAGRAM):   performance alldetails noutilfile;
65662      initial inest=EMWS1.Neural2_INITIAL;
MPRINT(EM_DIAGRAM):   initial inest=EMWS1.Neural2_INITIAL;
NOTE: The data set EMWS1.NEURAL2_INITIAL has 1 observations and 94 variables.
65663      train tech=NONE;
MPRINT(EM_DIAGRAM):   train tech=NONE;
NOTE: No optimization performed.
65664      code file="J:\CIS-445-Project-4-master\CIS-445-Project-4-master\Project_4\Workspaces\EMWS1\Neural2\SCORECODE.sas"
65665      group=Neural2
65666      ;
MPRINT(EM_DIAGRAM):   code file="J:\CIS-445-Project-4-master\CIS-445-Project-4-master\Project_4\Workspaces\EMWS1\Neural2\SCORECODE.sas" group=Neural2 ;
NOTE: External file J:\CIS-445-Project-4-master\CIS-445-Project-4-master\Project_4\Workspaces\EMWS1\Neural2\SCORECODE.sas opened.
65667      ;
MPRINT(EM_DIAGRAM):   ;
65668      code file="J:\CIS-445-Project-4-master\CIS-445-Project-4-master\Project_4\Workspaces\EMWS1\Neural2\RESIDUALSCORECODE.sas"
65669      group=Neural2
65670      residual
65671      ;
MPRINT(EM_DIAGRAM):   code file="J:\CIS-445-Project-4-master\CIS-445-Project-4-master\Project_4\Workspaces\EMWS1\Neural2\RESIDUALSCORECODE.sas" group=Neural2 residual ;
NOTE: External file J:\CIS-445-Project-4-master\CIS-445-Project-4-master\Project_4\Workspaces\EMWS1\Neural2\RESIDUALSCORECODE.sas opened.
65672      ;
MPRINT(EM_DIAGRAM):   ;
65673      score data=EMWS1.Part_TRAIN out=_NULL_
65674      outfit=WORK.FIT1
65675      role=TRAIN
65676      outkey=EMWS1.Neural2_OUTKEY;
MPRINT(EM_DIAGRAM):   score data=EMWS1.Part_TRAIN out=_NULL_ outfit=WORK.FIT1 role=TRAIN outkey=EMWS1.Neural2_OUTKEY;
NOTE: The data set EMWS1.NEURAL2_OUTKEY has 31 observations and 8 variables.
NOTE: The data set EMWS1.PART_TRAIN has 218 observations and 18 variables.
NOTE: The data set WORK.FIT1 has 2 observations and 23 variables.
65677      score data=EMWS1.Part_VALIDATE out=_NULL_
65678      outfit=WORK.FIT2
65679      role=VALID
65680      outkey=EMWS1.Neural2_OUTKEY;
MPRINT(EM_DIAGRAM):   score data=EMWS1.Part_VALIDATE out=_NULL_ outfit=WORK.FIT2 role=VALID outkey=EMWS1.Neural2_OUTKEY;
NOTE: The data set EMWS1.NEURAL2_OUTKEY has 31 observations and 8 variables.
NOTE: The data set EMWS1.PART_VALIDATE has 145 observations and 18 variables.
NOTE: The data set WORK.FIT2 has 2 observations and 15 variables.
65681      run;
MPRINT(EM_DIAGRAM):   run;

NOTE: The data set WORK.EM_NEURAL2 has 218 observations and 17 variables.
NOTE: The data set EMWS1.PART_VALIDATE has 145 observations and 18 variables.
NOTE: Closing the Neural Application.
NOTE: PROCEDURE NEURAL used (Total process time):
      real time           0.43 seconds
      cpu time            0.04 seconds
      

MPRINT(EM_DIAGRAM):   quit;
65682      quit;
65683      data EMWS1.Neural2_OUTFIT;
MPRINT(EM_DIAGRAM):   data EMWS1.Neural2_OUTFIT;
65684      merge WORK.FIT1 WORK.FIT2;
MPRINT(EM_DIAGRAM):   merge WORK.FIT1 WORK.FIT2;
65685      run;
MPRINT(EM_DIAGRAM):   run;

NOTE: There were 2 observations read from the data set WORK.FIT1.
NOTE: There were 2 observations read from the data set WORK.FIT2.
NOTE: The data set EMWS1.NEURAL2_OUTFIT has 2 observations and 36 variables.
NOTE: DATA statement used (Total process time):
      real time           0.09 seconds
      cpu time            0.03 seconds
      

65686      data EMWS1.Neural2_EMESTIMATE;
MPRINT(EM_DIAGRAM):   data EMWS1.Neural2_EMESTIMATE;
65687      set EMWS1.Neural2_outest;
MPRINT(EM_DIAGRAM):   set EMWS1.Neural2_outest;
65688      if _type_ ^in('HESSIAN' 'GRAD');
MPRINT(EM_DIAGRAM):   if _type_ ^in('HESSIAN' 'GRAD');
65689      run;
MPRINT(EM_DIAGRAM):   run;

NOTE: There were 120 observations read from the data set EMWS1.NEURAL2_OUTEST.
NOTE: The data set EMWS1.NEURAL2_EMESTIMATE has 40 observations and 94 variables.
NOTE: DATA statement used (Total process time):
      real time           0.11 seconds
      cpu time            0.00 seconds
      

65690      proc datasets lib=work nolist;
MPRINT(EM_DIAGRAM):   proc datasets lib=work nolist;
65691      delete EM_Neural2;
MPRINT(EM_DIAGRAM):   delete EM_Neural2;
65692      run;
MPRINT(EM_DIAGRAM):   run;

NOTE: Deleting WORK.EM_NEURAL2 (memtype=DATA).
65693      quit;
MPRINT(EM_DIAGRAM):   quit;

NOTE: PROCEDURE DATASETS used (Total process time):
      real time           0.01 seconds
      cpu time            0.01 seconds
      

65694      data EMWS1.Neural2_PLOTDS(where=(_iter_ ne . and _NAME_="OVERALL"));
MPRINT(EM_DIAGRAM):    data EMWS1.Neural2_PLOTDS(where=(_iter_ ne . and _NAME_="OVERALL"));
65695      set fit_Neural2;
MPRINT(EM_DIAGRAM):   set fit_Neural2;
65696      attrib _ITER_ label="%sysfunc(sasmsg(sashelp.dmine, rpt_trainiterations_vlabel  , NOQUOTE))";
MPRINT(EM_DIAGRAM):   attrib _ITER_ label="Training Iterations";
65697      attrib _NAME_ label="%sysfunc(sasmsg(sashelp.dmine, rpt_varsel_label_name  , NOQUOTE))";
MPRINT(EM_DIAGRAM):   attrib _NAME_ label="Name";
65698      run;
MPRINT(EM_DIAGRAM):   run;

NOTE: There were 40 observations read from the data set WORK.FIT_NEURAL2.
NOTE: The data set EMWS1.NEURAL2_PLOTDS has 40 observations and 36 variables.
NOTE: DATA statement used (Total process time):
      real time           0.08 seconds
      cpu time            0.03 seconds
      

65699      proc sort data=EMWS1.Neural2_PLOTDS;
MPRINT(EM_DIAGRAM):   proc sort data=EMWS1.Neural2_PLOTDS;
65700      by _ITER_;
MPRINT(EM_DIAGRAM):   by _ITER_;
65701      run;
MPRINT(EM_DIAGRAM):   run;

NOTE: There were 40 observations read from the data set EMWS1.NEURAL2_PLOTDS.
NOTE: The data set EMWS1.NEURAL2_PLOTDS has 40 observations and 36 variables.
NOTE: PROCEDURE SORT used (Total process time):
      real time           0.14 seconds
      cpu time            0.03 seconds
      

65702      data EMWS1.Neural2_PLOTDS;
MPRINT(EM_DIAGRAM):    data EMWS1.Neural2_PLOTDS;
65703      set EMWS1.Neural2_PLOTDS;
MPRINT(EM_DIAGRAM):   set EMWS1.Neural2_PLOTDS;
65704      drop _MISC_;
MPRINT(EM_DIAGRAM):   drop _MISC_;
65705      drop _WRONG_;
MPRINT(EM_DIAGRAM):   drop _WRONG_;
65706      run;
MPRINT(EM_DIAGRAM):   run;

NOTE: There were 40 observations read from the data set EMWS1.NEURAL2_PLOTDS.
NOTE: The data set EMWS1.NEURAL2_PLOTDS has 40 observations and 34 variables.
NOTE: DATA statement used (Total process time):
      real time           0.09 seconds
      cpu time            0.00 seconds
      

65707      data tempweight (drop= _tech_ _decay_ _seed_ _nobj_ _obj_ _objerr_ _averr_ _p_num_ where=(_type_ eq "PARMS" and _iter_ eq 0) );
MPRINT(EM_DIAGRAM):    data tempweight (drop= _tech_ _decay_ _seed_ _nobj_ _obj_ _objerr_ _averr_ _p_num_ where=(_type_ eq "PARMS" and _iter_ eq 0) );
65708      set EMWS1.Neural2_EMESTIMATE;
MPRINT(EM_DIAGRAM):   set EMWS1.Neural2_EMESTIMATE;
65709      run;
MPRINT(EM_DIAGRAM):   run;

NOTE: There were 40 observations read from the data set EMWS1.NEURAL2_EMESTIMATE.
NOTE: The data set WORK.TEMPWEIGHT has 1 observations and 86 variables.
NOTE: DATA statement used (Total process time):
      real time           0.04 seconds
      cpu time            0.01 seconds
      

65710      proc sort;
MPRINT(EM_DIAGRAM):   proc sort;
65711      by _name_;
MPRINT(EM_DIAGRAM):   by _name_;
65712      run;
MPRINT(EM_DIAGRAM):   run;

NOTE: There were 1 observations read from the data set WORK.TEMPWEIGHT.
NOTE: The data set WORK.TEMPWEIGHT has 1 observations and 86 variables.
NOTE: PROCEDURE SORT used (Total process time):
      real time           0.01 seconds
      cpu time            0.00 seconds
      

65713      proc transpose data=tempweight out=EMWS1.Neural2_WEIGHTDS;
MPRINT(EM_DIAGRAM):   proc transpose data=tempweight out=EMWS1.Neural2_WEIGHTDS;
65714      by _name_;
MPRINT(EM_DIAGRAM):   by _name_;
65715      run;
MPRINT(EM_DIAGRAM):   run;

NOTE: There were 1 observations read from the data set WORK.TEMPWEIGHT.
NOTE: The data set EMWS1.NEURAL2_WEIGHTDS has 84 observations and 3 variables.
NOTE: PROCEDURE TRANSPOSE used (Total process time):
      real time           0.12 seconds
      cpu time            0.03 seconds
      

65716      data EMWS1.Neural2_WEIGHTDS;
MPRINT(EM_DIAGRAM):   data EMWS1.Neural2_WEIGHTDS;
65717      set EMWS1.Neural2_WEIGHTDS;
MPRINT(EM_DIAGRAM):   set EMWS1.Neural2_WEIGHTDS;
65718      FROM = trim(left(scan(_LABEL_, 1, '->')));
MPRINT(EM_DIAGRAM):   FROM = trim(left(scan(_LABEL_, 1, '->')));
65719      TO = trim(left(scan(_LABEL_, 2, '>')));
MPRINT(EM_DIAGRAM):   TO = trim(left(scan(_LABEL_, 2, '>')));
65720      WEIGHT = COL1;
MPRINT(EM_DIAGRAM):   WEIGHT = COL1;
65721      if (TO eq '') or (FROM eq '') then delete;
MPRINT(EM_DIAGRAM):   if (TO eq '') or (FROM eq '') then delete;
65722      label _LABEL_ ="%sysfunc(sasmsg(sashelp.dmine, meta_label_vlabel  , NOQUOTE))" FROM = "%sysfunc(sasmsg(sashelp.dmine, rpt_from_vlabel  , NOQUOTE))" TO = "%sysfunc(sasmsg(sashelp.dmine, rpt_into_vlabel  , NOQUOTE))" WEIGHT =
65723         "%sysfunc(sasmsg(sashelp.dmine, rpt_weight_vlabel  , NOQUOTE))";
MPRINT(EM_DIAGRAM):   label _LABEL_ = "Label" FROM = "From" TO = "Into" WEIGHT = "Weight";
65724      keep FROM TO WEIGHT _LABEL_;
MPRINT(EM_DIAGRAM):   keep FROM TO WEIGHT _LABEL_;
65725      run;
MPRINT(EM_DIAGRAM):   run;

NOTE: There were 84 observations read from the data set EMWS1.NEURAL2_WEIGHTDS.
NOTE: The data set EMWS1.NEURAL2_WEIGHTDS has 79 observations and 4 variables.
NOTE: DATA statement used (Total process time):
      real time           0.12 seconds
      cpu time            0.06 seconds
      

65726      proc sort data=EMWS1.Neural2_WEIGHTDS nodupkey;
MPRINT(EM_DIAGRAM):   proc sort data=EMWS1.Neural2_WEIGHTDS nodupkey;
65727      by _LABEL_;
MPRINT(EM_DIAGRAM):   by _LABEL_;
65728      run;
MPRINT(EM_DIAGRAM):   run;

NOTE: There were 79 observations read from the data set EMWS1.NEURAL2_WEIGHTDS.
NOTE: 0 observations with duplicate key values were deleted.
NOTE: The data set EMWS1.NEURAL2_WEIGHTDS has 79 observations and 4 variables.
NOTE: PROCEDURE SORT used (Total process time):
      real time           0.12 seconds
      cpu time            0.06 seconds
      

MPRINT(EM_DIAGRAM):    proc printto;
MPRINT(EM_DIAGRAM):   run;
